{"D:\\Documents\\pubs-tagram\\src\\components\\BeerGlassRating.tsx": {"path":"D:\\Documents\\pubs-tagram\\src\\components\\BeerGlassRating.tsx","statementMap":{"0":{"start":{"line":1,"column":0},"end":{"line":1,"column":26}},"1":{"start":{"line":2,"column":0},"end":{"line":2,"column":72}},"2":{"start":{"line":9,"column":56},"end":{"line":26,"column":1}},"3":{"start":{"line":13,"column":2},"end":{"line":25,"column":4}},"4":{"start":{"line":16,"column":8},"end":{"line":21,"column":null}},"5":{"start":{"line":18,"column":25},"end":{"line":18,"column":46}},"6":{"start":{"line":28,"column":15},"end":{"line":41,"column":2}},"7":{"start":{"line":43,"column":0},"end":{"line":43,"column":31}}},"fnMap":{"0":{"name":"(anonymous_1)","decl":{"start":{"line":9,"column":56},"end":{"line":9,"column":57}},"loc":{"start":{"line":12,"column":5},"end":{"line":26,"column":1}}},"1":{"name":"(anonymous_2)","decl":{"start":{"line":15,"column":27},"end":{"line":15,"column":32}},"loc":{"start":{"line":16,"column":8},"end":{"line":21,"column":null}}},"2":{"name":"(anonymous_3)","decl":{"start":{"line":18,"column":19},"end":{"line":18,"column":22}},"loc":{"start":{"line":18,"column":25},"end":{"line":18,"column":46}}}},"branchMap":{"0":{"loc":{"start":{"line":21,"column":38},"end":{"line":21,"column":66}},"type":"cond-expr","locations":[{"start":{"line":21,"column":56},"end":{"line":21,"column":60}},{"start":{"line":21,"column":63},"end":{"line":21,"column":66}}]}},"s":{"0":0,"1":0,"2":0,"3":0,"4":0,"5":0,"6":0,"7":0},"f":{"0":0,"1":0,"2":0},"b":{"0":[0,0]}}
,"D:\\Documents\\pubs-tagram\\src\\components\\RatingComponent.tsx": {"path":"D:\\Documents\\pubs-tagram\\src\\components\\RatingComponent.tsx","statementMap":{"0":{"start":{"line":1,"column":0},"end":{"line":1,"column":26}},"1":{"start":{"line":2,"column":0},"end":{"line":2,"column":72}},"2":{"start":{"line":11,"column":56},"end":{"line":32,"column":1}},"3":{"start":{"line":17,"column":2},"end":{"line":31,"column":4}},"4":{"start":{"line":20,"column":8},"end":{"line":27,"column":null}},"5":{"start":{"line":22,"column":25},"end":{"line":22,"column":46}},"6":{"start":{"line":34,"column":15},"end":{"line":47,"column":2}},"7":{"start":{"line":49,"column":0},"end":{"line":49,"column":31}}},"fnMap":{"0":{"name":"(anonymous_1)","decl":{"start":{"line":11,"column":56},"end":{"line":11,"column":57}},"loc":{"start":{"line":16,"column":5},"end":{"line":32,"column":1}}},"1":{"name":"(anonymous_2)","decl":{"start":{"line":19,"column":27},"end":{"line":19,"column":32}},"loc":{"start":{"line":20,"column":8},"end":{"line":27,"column":null}}},"2":{"name":"(anonymous_3)","decl":{"start":{"line":22,"column":19},"end":{"line":22,"column":22}},"loc":{"start":{"line":22,"column":25},"end":{"line":22,"column":46}}}},"branchMap":{"0":{"loc":{"start":{"line":15,"column":2},"end":{"line":15,"column":17}},"type":"default-arg","locations":[{"start":{"line":15,"column":14},"end":{"line":15,"column":17}}]},"1":{"loc":{"start":{"line":26,"column":13},"end":{"line":26,"column":47}},"type":"cond-expr","locations":[{"start":{"line":26,"column":31},"end":{"line":26,"column":35}},{"start":{"line":26,"column":38},"end":{"line":26,"column":47}}]}},"s":{"0":0,"1":0,"2":0,"3":0,"4":0,"5":0,"6":0,"7":0},"f":{"0":0,"1":0,"2":0},"b":{"0":[0],"1":[0,0]}}
,"D:\\Documents\\pubs-tagram\\src\\components\\Profile\\ProfileEditForm.tsx": {"path":"D:\\Documents\\pubs-tagram\\src\\components\\Profile\\ProfileEditForm.tsx","statementMap":{"0":{"start":{"line":1,"column":0},"end":{"line":1,"column":40}},"1":{"start":{"line":2,"column":0},"end":{"line":2,"column":null}},"2":{"start":{"line":14,"column":0},"end":{"line":14,"column":47}},"3":{"start":{"line":23,"column":63},"end":{"line":112,"column":1}},"4":{"start":{"line":29,"column":40},"end":{"line":29,"column":69}},"5":{"start":{"line":30,"column":24},"end":{"line":30,"column":45}},"6":{"start":{"line":31,"column":34},"end":{"line":31,"column":49}},"7":{"start":{"line":33,"column":21},"end":{"line":44,"column":3}},"8":{"start":{"line":34,"column":4},"end":{"line":43,"column":5}},"9":{"start":{"line":35,"column":6},"end":{"line":35,"column":24}},"10":{"start":{"line":36,"column":6},"end":{"line":40,"column":9}},"11":{"start":{"line":42,"column":6},"end":{"line":42,"column":25}},"12":{"start":{"line":46,"column":20},"end":{"line":46,"column":78}},"13":{"start":{"line":48,"column":2},"end":{"line":111,"column":4}},"14":{"start":{"line":23,"column":13},"end":{"line":23,"column":63}},"15":{"start":{"line":114,"column":15},"end":{"line":176,"column":2}}},"fnMap":{"0":{"name":"(anonymous_9)","decl":{"start":{"line":23,"column":63},"end":{"line":23,"column":64}},"loc":{"start":{"line":28,"column":5},"end":{"line":112,"column":1}}},"1":{"name":"(anonymous_10)","decl":{"start":{"line":33,"column":21},"end":{"line":33,"column":26}},"loc":{"start":{"line":33,"column":32},"end":{"line":44,"column":3}}}},"branchMap":{"0":{"loc":{"start":{"line":26,"column":2},"end":{"line":26,"column":17}},"type":"default-arg","locations":[{"start":{"line":26,"column":12},"end":{"line":26,"column":17}}]},"1":{"loc":{"start":{"line":46,"column":20},"end":{"line":46,"column":78}},"type":"binary-expr","locations":[{"start":{"line":46,"column":20},"end":{"line":46,"column":55}},{"start":{"line":46,"column":59},"end":{"line":46,"column":78}}]},"2":{"loc":{"start":{"line":50,"column":16},"end":{"line":50,"column":60}},"type":"cond-expr","locations":[{"start":{"line":50,"column":40},"end":{"line":50,"column":49}},{"start":{"line":50,"column":52},"end":{"line":50,"column":60}}]},"3":{"loc":{"start":{"line":54,"column":9},"end":{"line":57,"column":null}},"type":"binary-expr","locations":[{"start":{"line":54,"column":9},"end":{"line":54,"column":14}},{"start":{"line":55,"column":10},"end":{"line":56,"column":null}}]},"4":{"loc":{"start":{"line":68,"column":22},"end":{"line":68,"column":43}},"type":"binary-expr","locations":[{"start":{"line":68,"column":22},"end":{"line":68,"column":30}},{"start":{"line":68,"column":34},"end":{"line":68,"column":43}}]},"5":{"loc":{"start":{"line":86,"column":22},"end":{"line":86,"column":43}},"type":"binary-expr","locations":[{"start":{"line":86,"column":22},"end":{"line":86,"column":30}},{"start":{"line":86,"column":34},"end":{"line":86,"column":43}}]},"6":{"loc":{"start":{"line":98,"column":12},"end":{"line":98,"column":76}},"type":"binary-expr","locations":[{"start":{"line":98,"column":13},"end":{"line":98,"column":23}},{"start":{"line":98,"column":27},"end":{"line":98,"column":34}},{"start":{"line":98,"column":38},"end":{"line":98,"column":46}},{"start":{"line":98,"column":51},"end":{"line":98,"column":76}}]},"7":{"loc":{"start":{"line":101,"column":20},"end":{"line":101,"column":53}},"type":"binary-expr","locations":[{"start":{"line":101,"column":20},"end":{"line":101,"column":30}},{"start":{"line":101,"column":34},"end":{"line":101,"column":41}},{"start":{"line":101,"column":45},"end":{"line":101,"column":53}}]},"8":{"loc":{"start":{"line":103,"column":11},"end":{"line":106,"column":null}},"type":"cond-expr","locations":[{"start":{"line":104,"column":12},"end":{"line":104,"column":46}},{"start":{"line":106,"column":12},"end":{"line":106,"column":67}}]}},"s":{"0":0,"1":0,"2":0,"3":0,"4":0,"5":0,"6":0,"7":0,"8":0,"9":0,"10":0,"11":0,"12":0,"13":0,"14":0,"15":0},"f":{"0":0,"1":0},"b":{"0":[0],"1":[0,0],"2":[0,0],"3":[0,0],"4":[0,0],"5":[0,0],"6":[0,0,0,0],"7":[0,0,0],"8":[0,0]}}
,"D:\\Documents\\pubs-tagram\\src\\components\\Profile\\ProfileHeader.tsx": {"path":"D:\\Documents\\pubs-tagram\\src\\components\\Profile\\ProfileHeader.tsx","statementMap":{"0":{"start":{"line":1,"column":0},"end":{"line":1,"column":26}},"1":{"start":{"line":2,"column":0},"end":{"line":2,"column":98}},"2":{"start":{"line":15,"column":59},"end":{"line":91,"column":1}},"3":{"start":{"line":24,"column":2},"end":{"line":30,"column":3}},"4":{"start":{"line":25,"column":4},"end":{"line":29,"column":6}},"5":{"start":{"line":32,"column":2},"end":{"line":38,"column":3}},"6":{"start":{"line":33,"column":4},"end":{"line":37,"column":6}},"7":{"start":{"line":40,"column":2},"end":{"line":90,"column":4}},"8":{"start":{"line":15,"column":13},"end":{"line":15,"column":59}},"9":{"start":{"line":93,"column":15},"end":{"line":170,"column":2}}},"fnMap":{"0":{"name":"(anonymous_1)","decl":{"start":{"line":15,"column":59},"end":{"line":15,"column":60}},"loc":{"start":{"line":23,"column":5},"end":{"line":91,"column":1}}}},"branchMap":{"0":{"loc":{"start":{"line":17,"column":2},"end":{"line":17,"column":17}},"type":"default-arg","locations":[{"start":{"line":17,"column":12},"end":{"line":17,"column":17}}]},"1":{"loc":{"start":{"line":18,"column":2},"end":{"line":18,"column":21}},"type":"default-arg","locations":[{"start":{"line":18,"column":16},"end":{"line":18,"column":21}}]},"2":{"loc":{"start":{"line":19,"column":2},"end":{"line":19,"column":20}},"type":"default-arg","locations":[{"start":{"line":19,"column":19},"end":{"line":19,"column":20}}]},"3":{"loc":{"start":{"line":20,"column":2},"end":{"line":20,"column":20}},"type":"default-arg","locations":[{"start":{"line":20,"column":19},"end":{"line":20,"column":20}}]},"4":{"loc":{"start":{"line":24,"column":2},"end":{"line":30,"column":3}},"type":"if","locations":[{"start":{"line":24,"column":2},"end":{"line":30,"column":3}}]},"5":{"loc":{"start":{"line":32,"column":2},"end":{"line":38,"column":3}},"type":"if","locations":[{"start":{"line":32,"column":2},"end":{"line":38,"column":3}}]},"6":{"loc":{"start":{"line":44,"column":9},"end":{"line":54,"column":null}},"type":"cond-expr","locations":[{"start":{"line":45,"column":10},"end":{"line":47,"column":null}},{"start":{"line":50,"column":10},"end":{"line":53,"column":null}}]},"7":{"loc":{"start":{"line":84,"column":7},"end":{"line":87,"column":null}},"type":"cond-expr","locations":[{"start":{"line":85,"column":8},"end":{"line":85,"column":53}},{"start":{"line":87,"column":8},"end":{"line":87,"column":72}}]},"8":{"loc":{"start":{"line":87,"column":8},"end":{"line":87,"column":72}},"type":"binary-expr","locations":[{"start":{"line":87,"column":8},"end":{"line":87,"column":19}},{"start":{"line":87,"column":23},"end":{"line":87,"column":72}}]}},"s":{"0":0,"1":0,"2":0,"3":0,"4":0,"5":0,"6":0,"7":0,"8":0,"9":0},"f":{"0":0},"b":{"0":[0],"1":[0],"2":[0],"3":[0],"4":[0],"5":[0],"6":[0,0],"7":[0,0],"8":[0,0]}}
,"D:\\Documents\\pubs-tagram\\src\\components\\Profile\\ProfilePictureUpload.tsx": {"path":"D:\\Documents\\pubs-tagram\\src\\components\\Profile\\ProfilePictureUpload.tsx","statementMap":{"0":{"start":{"line":1,"column":0},"end":{"line":1,"column":40}},"1":{"start":{"line":2,"column":0},"end":{"line":2,"column":null}},"2":{"start":{"line":11,"column":0},"end":{"line":11,"column":49}},"3":{"start":{"line":20,"column":73},"end":{"line":168,"column":1}},"4":{"start":{"line":26,"column":40},"end":{"line":26,"column":55}},"5":{"start":{"line":28,"column":34},"end":{"line":31,"column":3}},"6":{"start":{"line":29,"column":23},"end":{"line":29,"column":72}},"7":{"start":{"line":30,"column":4},"end":{"line":30,"column":32}},"8":{"start":{"line":33,"column":40},"end":{"line":36,"column":3}},"9":{"start":{"line":34,"column":23},"end":{"line":34,"column":78}},"10":{"start":{"line":35,"column":4},"end":{"line":35,"column":32}},"11":{"start":{"line":38,"column":31},"end":{"line":62,"column":3}},"12":{"start":{"line":39,"column":26},"end":{"line":39,"column":57}},"13":{"start":{"line":40,"column":4},"end":{"line":43,"column":5}},"14":{"start":{"line":41,"column":6},"end":{"line":41,"column":72}},"15":{"start":{"line":42,"column":6},"end":{"line":42,"column":13}},"16":{"start":{"line":45,"column":4},"end":{"line":61,"column":5}},"17":{"start":{"line":46,"column":21},"end":{"line":50,"column":8}},"18":{"start":{"line":52,"column":6},"end":{"line":55,"column":7}},"19":{"start":{"line":53,"column":8},"end":{"line":53,"column":29}},"20":{"start":{"line":54,"column":8},"end":{"line":54,"column":45}},"21":{"start":{"line":57,"column":6},"end":{"line":57,"column":54}},"22":{"start":{"line":58,"column":6},"end":{"line":58,"column":44}},"23":{"start":{"line":60,"column":6},"end":{"line":60,"column":28}},"24":{"start":{"line":64,"column":32},"end":{"line":88,"column":3}},"25":{"start":{"line":65,"column":26},"end":{"line":65,"column":63}},"26":{"start":{"line":66,"column":4},"end":{"line":69,"column":5}},"27":{"start":{"line":67,"column":6},"end":{"line":67,"column":79}},"28":{"start":{"line":68,"column":6},"end":{"line":68,"column":13}},"29":{"start":{"line":71,"column":4},"end":{"line":87,"column":5}},"30":{"start":{"line":72,"column":21},"end":{"line":76,"column":8}},"31":{"start":{"line":78,"column":6},"end":{"line":81,"column":7}},"32":{"start":{"line":79,"column":8},"end":{"line":79,"column":29}},"33":{"start":{"line":80,"column":8},"end":{"line":80,"column":45}},"34":{"start":{"line":83,"column":6},"end":{"line":83,"column":53}},"35":{"start":{"line":84,"column":6},"end":{"line":84,"column":45}},"36":{"start":{"line":86,"column":6},"end":{"line":86,"column":28}},"37":{"start":{"line":90,"column":23},"end":{"line":112,"column":3}},"38":{"start":{"line":91,"column":4},"end":{"line":91,"column":26}},"39":{"start":{"line":91,"column":19},"end":{"line":91,"column":26}},"40":{"start":{"line":93,"column":4},"end":{"line":111,"column":6}},"41":{"start":{"line":101,"column":12},"end":{"line":101,"column":33}},"42":{"start":{"line":102,"column":12},"end":{"line":106,"column":13}},"43":{"start":{"line":103,"column":14},"end":{"line":103,"column":31}},"44":{"start":{"line":105,"column":14},"end":{"line":105,"column":36}},"45":{"start":{"line":114,"column":2},"end":{"line":121,"column":3}},"46":{"start":{"line":115,"column":4},"end":{"line":120,"column":6}},"47":{"start":{"line":123,"column":2},"end":{"line":167,"column":4}},"48":{"start":{"line":20,"column":13},"end":{"line":20,"column":73}},"49":{"start":{"line":170,"column":15},"end":{"line":236,"column":2}}},"fnMap":{"0":{"name":"(anonymous_9)","decl":{"start":{"line":20,"column":73},"end":{"line":20,"column":74}},"loc":{"start":{"line":25,"column":5},"end":{"line":168,"column":1}}},"1":{"name":"(anonymous_10)","decl":{"start":{"line":28,"column":34},"end":{"line":28,"column":39}},"loc":{"start":{"line":28,"column":45},"end":{"line":31,"column":3}}},"2":{"name":"(anonymous_11)","decl":{"start":{"line":33,"column":40},"end":{"line":33,"column":45}},"loc":{"start":{"line":33,"column":51},"end":{"line":36,"column":3}}},"3":{"name":"(anonymous_12)","decl":{"start":{"line":38,"column":31},"end":{"line":38,"column":36}},"loc":{"start":{"line":38,"column":42},"end":{"line":62,"column":3}}},"4":{"name":"(anonymous_13)","decl":{"start":{"line":64,"column":32},"end":{"line":64,"column":37}},"loc":{"start":{"line":64,"column":43},"end":{"line":88,"column":3}}},"5":{"name":"(anonymous_14)","decl":{"start":{"line":90,"column":23},"end":{"line":90,"column":26}},"loc":{"start":{"line":90,"column":28},"end":{"line":112,"column":3}}},"6":{"name":"(anonymous_15)","decl":{"start":{"line":97,"column":35},"end":{"line":97,"column":38}},"loc":{"start":{"line":97,"column":40},"end":{"line":97,"column":43}}},"7":{"name":"(anonymous_16)","decl":{"start":{"line":100,"column":19},"end":{"line":100,"column":24}},"loc":{"start":{"line":100,"column":30},"end":{"line":107,"column":11}}}},"branchMap":{"0":{"loc":{"start":{"line":24,"column":2},"end":{"line":24,"column":17}},"type":"default-arg","locations":[{"start":{"line":24,"column":12},"end":{"line":24,"column":17}}]},"1":{"loc":{"start":{"line":40,"column":4},"end":{"line":43,"column":5}},"type":"if","locations":[{"start":{"line":40,"column":4},"end":{"line":43,"column":5}}]},"2":{"loc":{"start":{"line":52,"column":6},"end":{"line":55,"column":7}},"type":"if","locations":[{"start":{"line":52,"column":6},"end":{"line":55,"column":7}}]},"3":{"loc":{"start":{"line":52,"column":10},"end":{"line":52,"column":50}},"type":"binary-expr","locations":[{"start":{"line":52,"column":10},"end":{"line":52,"column":26}},{"start":{"line":52,"column":30},"end":{"line":52,"column":50}}]},"4":{"loc":{"start":{"line":66,"column":4},"end":{"line":69,"column":5}},"type":"if","locations":[{"start":{"line":66,"column":4},"end":{"line":69,"column":5}}]},"5":{"loc":{"start":{"line":78,"column":6},"end":{"line":81,"column":7}},"type":"if","locations":[{"start":{"line":78,"column":6},"end":{"line":81,"column":7}}]},"6":{"loc":{"start":{"line":78,"column":10},"end":{"line":78,"column":50}},"type":"binary-expr","locations":[{"start":{"line":78,"column":10},"end":{"line":78,"column":26}},{"start":{"line":78,"column":30},"end":{"line":78,"column":50}}]},"7":{"loc":{"start":{"line":91,"column":4},"end":{"line":91,"column":26}},"type":"if","locations":[{"start":{"line":91,"column":4},"end":{"line":91,"column":26}}]},"8":{"loc":{"start":{"line":114,"column":2},"end":{"line":121,"column":3}},"type":"if","locations":[{"start":{"line":114,"column":2},"end":{"line":121,"column":3}}]},"9":{"loc":{"start":{"line":127,"column":9},"end":{"line":144,"column":null}},"type":"cond-expr","locations":[{"start":{"line":128,"column":10},"end":{"line":139,"column":null}},{"start":{"line":142,"column":10},"end":{"line":143,"column":null}}]}},"s":{"0":0,"1":0,"2":0,"3":0,"4":0,"5":0,"6":0,"7":0,"8":0,"9":0,"10":0,"11":0,"12":0,"13":0,"14":0,"15":0,"16":0,"17":0,"18":0,"19":0,"20":0,"21":0,"22":0,"23":0,"24":0,"25":0,"26":0,"27":0,"28":0,"29":0,"30":0,"31":0,"32":0,"33":0,"34":0,"35":0,"36":0,"37":0,"38":0,"39":0,"40":0,"41":0,"42":0,"43":0,"44":0,"45":0,"46":0,"47":0,"48":0,"49":0},"f":{"0":0,"1":0,"2":0,"3":0,"4":0,"5":0,"6":0,"7":0},"b":{"0":[0],"1":[0],"2":[0],"3":[0,0],"4":[0],"5":[0],"6":[0,0],"7":[0],"8":[0],"9":[0,0]}}
,"D:\\Documents\\pubs-tagram\\src\\contexts\\AuthContext.tsx": {"path":"D:\\Documents\\pubs-tagram\\src\\contexts\\AuthContext.tsx","statementMap":{"0":{"start":{"line":1,"column":0},"end":{"line":1,"column":78}},"1":{"start":{"line":2,"column":0},"end":{"line":2,"column":null}},"2":{"start":{"line":9,"column":0},"end":{"line":9,"column":44}},"3":{"start":{"line":10,"column":0},"end":{"line":10,"column":61}},"4":{"start":{"line":20,"column":20},"end":{"line":26,"column":2}},"5":{"start":{"line":28,"column":23},"end":{"line":28,"column":52}},"6":{"start":{"line":28,"column":29},"end":{"line":28,"column":52}},"7":{"start":{"line":28,"column":13},"end":{"line":28,"column":23}},"8":{"start":{"line":30,"column":69},"end":{"line":112,"column":1}},"9":{"start":{"line":33,"column":26},"end":{"line":33,"column":53}},"10":{"start":{"line":34,"column":32},"end":{"line":34,"column":46}},"11":{"start":{"line":36,"column":2},"end":{"line":79,"column":9}},"12":{"start":{"line":37,"column":20},"end":{"line":37,"column":24}},"13":{"start":{"line":41,"column":4},"end":{"line":46,"column":14}},"14":{"start":{"line":42,"column":6},"end":{"line":45,"column":7}},"15":{"start":{"line":43,"column":8},"end":{"line":43,"column":66}},"16":{"start":{"line":44,"column":8},"end":{"line":44,"column":26}},"17":{"start":{"line":48,"column":4},"end":{"line":78,"column":5}},"18":{"start":{"line":49,"column":26},"end":{"line":64,"column":null}},"19":{"start":{"line":52,"column":10},"end":{"line":56,"column":11}},"20":{"start":{"line":53,"column":12},"end":{"line":53,"column":31}},"21":{"start":{"line":54,"column":12},"end":{"line":54,"column":30}},"22":{"start":{"line":55,"column":12},"end":{"line":55,"column":36}},"23":{"start":{"line":59,"column":10},"end":{"line":59,"column":52}},"24":{"start":{"line":60,"column":10},"end":{"line":63,"column":11}},"25":{"start":{"line":61,"column":12},"end":{"line":61,"column":30}},"26":{"start":{"line":62,"column":12},"end":{"line":62,"column":36}},"27":{"start":{"line":67,"column":6},"end":{"line":71,"column":8}},"28":{"start":{"line":68,"column":8},"end":{"line":68,"column":26}},"29":{"start":{"line":69,"column":8},"end":{"line":69,"column":32}},"30":{"start":{"line":70,"column":8},"end":{"line":70,"column":22}},"31":{"start":{"line":73,"column":6},"end":{"line":73,"column":57}},"32":{"start":{"line":74,"column":6},"end":{"line":77,"column":7}},"33":{"start":{"line":75,"column":8},"end":{"line":75,"column":26}},"34":{"start":{"line":76,"column":8},"end":{"line":76,"column":32}},"35":{"start":{"line":81,"column":17},"end":{"line":87,"column":3}},"36":{"start":{"line":82,"column":4},"end":{"line":86,"column":5}},"37":{"start":{"line":83,"column":6},"end":{"line":83,"column":62}},"38":{"start":{"line":85,"column":6},"end":{"line":85,"column":18}},"39":{"start":{"line":89,"column":17},"end":{"line":97,"column":3}},"40":{"start":{"line":90,"column":4},"end":{"line":96,"column":5}},"41":{"start":{"line":91,"column":29},"end":{"line":91,"column":88}},"42":{"start":{"line":93,"column":6},"end":{"line":93,"column":75}},"43":{"start":{"line":95,"column":6},"end":{"line":95,"column":18}},"44":{"start":{"line":99,"column":18},"end":{"line":105,"column":3}},"45":{"start":{"line":100,"column":4},"end":{"line":104,"column":5}},"46":{"start":{"line":101,"column":6},"end":{"line":101,"column":34}},"47":{"start":{"line":103,"column":6},"end":{"line":103,"column":18}},"48":{"start":{"line":107,"column":2},"end":{"line":111,"column":4}},"49":{"start":{"line":30,"column":13},"end":{"line":30,"column":69}}},"fnMap":{"0":{"name":"(anonymous_9)","decl":{"start":{"line":23,"column":10},"end":{"line":23,"column":15}},"loc":{"start":{"line":23,"column":21},"end":{"line":23,"column":24}}},"1":{"name":"(anonymous_10)","decl":{"start":{"line":24,"column":10},"end":{"line":24,"column":15}},"loc":{"start":{"line":24,"column":21},"end":{"line":24,"column":24}}},"2":{"name":"(anonymous_11)","decl":{"start":{"line":25,"column":11},"end":{"line":25,"column":16}},"loc":{"start":{"line":25,"column":22},"end":{"line":25,"column":25}}},"3":{"name":"(anonymous_12)","decl":{"start":{"line":28,"column":23},"end":{"line":28,"column":26}},"loc":{"start":{"line":28,"column":29},"end":{"line":28,"column":52}}},"4":{"name":"(anonymous_13)","decl":{"start":{"line":30,"column":69},"end":{"line":30,"column":70}},"loc":{"start":{"line":32,"column":5},"end":{"line":112,"column":1}}},"5":{"name":"(anonymous_14)","decl":{"start":{"line":36,"column":12},"end":{"line":36,"column":15}},"loc":{"start":{"line":36,"column":17},"end":{"line":79,"column":3}}},"6":{"name":"(anonymous_15)","decl":{"start":{"line":41,"column":27},"end":{"line":41,"column":30}},"loc":{"start":{"line":41,"column":32},"end":{"line":46,"column":5}}},"7":{"name":"(anonymous_16)","decl":{"start":{"line":51,"column":8},"end":{"line":51,"column":17}},"loc":{"start":{"line":51,"column":20},"end":{"line":57,"column":9}}},"8":{"name":"(anonymous_17)","decl":{"start":{"line":58,"column":8},"end":{"line":58,"column":13}},"loc":{"start":{"line":58,"column":16},"end":{"line":64,"column":9}}},"9":{"name":"(anonymous_18)","decl":{"start":{"line":67,"column":13},"end":{"line":67,"column":16}},"loc":{"start":{"line":67,"column":18},"end":{"line":71,"column":7}}},"10":{"name":"(anonymous_19)","decl":{"start":{"line":81,"column":17},"end":{"line":81,"column":22}},"loc":{"start":{"line":81,"column":59},"end":{"line":87,"column":3}}},"11":{"name":"(anonymous_20)","decl":{"start":{"line":89,"column":17},"end":{"line":89,"column":22}},"loc":{"start":{"line":89,"column":80},"end":{"line":97,"column":3}}},"12":{"name":"(anonymous_21)","decl":{"start":{"line":99,"column":18},"end":{"line":99,"column":23}},"loc":{"start":{"line":99,"column":29},"end":{"line":105,"column":3}}}},"branchMap":{"0":{"loc":{"start":{"line":42,"column":6},"end":{"line":45,"column":7}},"type":"if","locations":[{"start":{"line":42,"column":6},"end":{"line":45,"column":7}}]},"1":{"loc":{"start":{"line":52,"column":10},"end":{"line":56,"column":11}},"type":"if","locations":[{"start":{"line":52,"column":10},"end":{"line":56,"column":11}}]},"2":{"loc":{"start":{"line":60,"column":10},"end":{"line":63,"column":11}},"type":"if","locations":[{"start":{"line":60,"column":10},"end":{"line":63,"column":11}}]},"3":{"loc":{"start":{"line":74,"column":6},"end":{"line":77,"column":7}},"type":"if","locations":[{"start":{"line":74,"column":6},"end":{"line":77,"column":7}}]}},"s":{"0":0,"1":0,"2":0,"3":0,"4":0,"5":0,"6":0,"7":0,"8":0,"9":0,"10":0,"11":0,"12":0,"13":0,"14":0,"15":0,"16":0,"17":0,"18":0,"19":0,"20":0,"21":0,"22":0,"23":0,"24":0,"25":0,"26":0,"27":0,"28":0,"29":0,"30":0,"31":0,"32":0,"33":0,"34":0,"35":0,"36":0,"37":0,"38":0,"39":0,"40":0,"41":0,"42":0,"43":0,"44":0,"45":0,"46":0,"47":0,"48":0,"49":0},"f":{"0":0,"1":0,"2":0,"3":0,"4":0,"5":0,"6":0,"7":0,"8":0,"9":0,"10":0,"11":0,"12":0},"b":{"0":[0],"1":[0],"2":[0],"3":[0]}}
,"D:\\Documents\\pubs-tagram\\src\\contexts\\UserContext.tsx": {"path":"D:\\Documents\\pubs-tagram\\src\\contexts\\UserContext.tsx","statementMap":{"0":{"start":{"line":1,"column":0},"end":{"line":1,"column":67}},"1":{"start":{"line":3,"column":0},"end":{"line":3,"column":167}},"2":{"start":{"line":4,"column":0},"end":{"line":4,"column":40}},"3":{"start":{"line":23,"column":20},"end":{"line":23,"column":73}},"4":{"start":{"line":25,"column":69},"end":{"line":219,"column":1}},"5":{"start":{"line":26,"column":19},"end":{"line":26,"column":28}},"6":{"start":{"line":27,"column":54},"end":{"line":27,"column":88}},"7":{"start":{"line":28,"column":50},"end":{"line":28,"column":84}},"8":{"start":{"line":29,"column":32},"end":{"line":29,"column":47}},"9":{"start":{"line":30,"column":28},"end":{"line":30,"column":56}},"10":{"start":{"line":31,"column":48},"end":{"line":31,"column":63}},"11":{"start":{"line":33,"column":33},"end":{"line":48,"column":3}},"12":{"start":{"line":34,"column":4},"end":{"line":34,"column":27}},"13":{"start":{"line":34,"column":20},"end":{"line":34,"column":27}},"14":{"start":{"line":36,"column":4},"end":{"line":47,"column":5}},"15":{"start":{"line":37,"column":6},"end":{"line":37,"column":23}},"16":{"start":{"line":38,"column":6},"end":{"line":38,"column":21}},"17":{"start":{"line":39,"column":22},"end":{"line":39,"column":59}},"18":{"start":{"line":40,"column":6},"end":{"line":40,"column":37}},"19":{"start":{"line":42,"column":20},"end":{"line":42,"column":84}},"20":{"start":{"line":43,"column":6},"end":{"line":43,"column":22}},"21":{"start":{"line":44,"column":6},"end":{"line":44,"column":66}},"22":{"start":{"line":46,"column":6},"end":{"line":46,"column":24}},"23":{"start":{"line":50,"column":26},"end":{"line":71,"column":3}},"24":{"start":{"line":51,"column":4},"end":{"line":70,"column":5}},"25":{"start":{"line":52,"column":6},"end":{"line":52,"column":23}},"26":{"start":{"line":53,"column":6},"end":{"line":53,"column":21}},"27":{"start":{"line":54,"column":22},"end":{"line":54,"column":54}},"28":{"start":{"line":55,"column":6},"end":{"line":55,"column":35}},"29":{"start":{"line":58,"column":6},"end":{"line":63,"column":7}},"30":{"start":{"line":59,"column":26},"end":{"line":59,"column":58}},"31":{"start":{"line":60,"column":8},"end":{"line":60,"column":38}},"32":{"start":{"line":62,"column":8},"end":{"line":62,"column":34}},"33":{"start":{"line":65,"column":20},"end":{"line":65,"column":89}},"34":{"start":{"line":66,"column":6},"end":{"line":66,"column":22}},"35":{"start":{"line":67,"column":6},"end":{"line":67,"column":58}},"36":{"start":{"line":69,"column":6},"end":{"line":69,"column":24}},"37":{"start":{"line":73,"column":24},"end":{"line":93,"column":3}},"38":{"start":{"line":74,"column":4},"end":{"line":76,"column":5}},"39":{"start":{"line":75,"column":6},"end":{"line":75,"column":43}},"40":{"start":{"line":78,"column":4},"end":{"line":92,"column":5}},"41":{"start":{"line":79,"column":6},"end":{"line":79,"column":23}},"42":{"start":{"line":80,"column":6},"end":{"line":80,"column":21}},"43":{"start":{"line":82,"column":6},"end":{"line":82,"column":49}},"44":{"start":{"line":85,"column":6},"end":{"line":85,"column":75}},"45":{"start":{"line":85,"column":36},"end":{"line":85,"column":73}},"46":{"start":{"line":87,"column":20},"end":{"line":87,"column":86}},"47":{"start":{"line":88,"column":6},"end":{"line":88,"column":22}},"48":{"start":{"line":89,"column":6},"end":{"line":89,"column":18}},"49":{"start":{"line":91,"column":6},"end":{"line":91,"column":24}},"50":{"start":{"line":95,"column":24},"end":{"line":115,"column":3}},"51":{"start":{"line":96,"column":4},"end":{"line":98,"column":5}},"52":{"start":{"line":97,"column":6},"end":{"line":97,"column":43}},"53":{"start":{"line":100,"column":4},"end":{"line":114,"column":5}},"54":{"start":{"line":101,"column":6},"end":{"line":101,"column":23}},"55":{"start":{"line":102,"column":6},"end":{"line":102,"column":21}},"56":{"start":{"line":104,"column":26},"end":{"line":104,"column":67}},"57":{"start":{"line":107,"column":6},"end":{"line":107,"column":95}},"58":{"start":{"line":107,"column":36},"end":{"line":107,"column":93}},"59":{"start":{"line":109,"column":20},"end":{"line":109,"column":86}},"60":{"start":{"line":110,"column":6},"end":{"line":110,"column":22}},"61":{"start":{"line":111,"column":6},"end":{"line":111,"column":18}},"62":{"start":{"line":113,"column":6},"end":{"line":113,"column":24}},"63":{"start":{"line":117,"column":24},"end":{"line":137,"column":3}},"64":{"start":{"line":118,"column":4},"end":{"line":120,"column":5}},"65":{"start":{"line":119,"column":6},"end":{"line":119,"column":43}},"66":{"start":{"line":122,"column":4},"end":{"line":136,"column":5}},"67":{"start":{"line":123,"column":6},"end":{"line":123,"column":23}},"68":{"start":{"line":124,"column":6},"end":{"line":124,"column":21}},"69":{"start":{"line":126,"column":6},"end":{"line":126,"column":43}},"70":{"start":{"line":129,"column":6},"end":{"line":129,"column":93}},"71":{"start":{"line":129,"column":36},"end":{"line":129,"column":91}},"72":{"start":{"line":131,"column":20},"end":{"line":131,"column":86}},"73":{"start":{"line":132,"column":6},"end":{"line":132,"column":22}},"74":{"start":{"line":133,"column":6},"end":{"line":133,"column":18}},"75":{"start":{"line":135,"column":6},"end":{"line":135,"column":24}},"76":{"start":{"line":139,"column":21},"end":{"line":139,"column":41}},"77":{"start":{"line":139,"column":27},"end":{"line":139,"column":41}},"78":{"start":{"line":141,"column":27},"end":{"line":197,"column":3}},"79":{"start":{"line":142,"column":4},"end":{"line":144,"column":5}},"80":{"start":{"line":143,"column":6},"end":{"line":143,"column":43}},"81":{"start":{"line":146,"column":4},"end":{"line":196,"column":5}},"82":{"start":{"line":147,"column":6},"end":{"line":147,"column":23}},"83":{"start":{"line":148,"column":6},"end":{"line":148,"column":21}},"84":{"start":{"line":151,"column":34},"end":{"line":151,"column":75}},"85":{"start":{"line":153,"column":6},"end":{"line":189,"column":7}},"86":{"start":{"line":155,"column":8},"end":{"line":155,"column":51}},"87":{"start":{"line":156,"column":8},"end":{"line":156,"column":34}},"88":{"start":{"line":159,"column":8},"end":{"line":164,"column":9}},"89":{"start":{"line":160,"column":10},"end":{"line":163,"column":13}},"90":{"start":{"line":162,"column":71},"end":{"line":162,"column":86}},"91":{"start":{"line":165,"column":8},"end":{"line":170,"column":9}},"92":{"start":{"line":166,"column":10},"end":{"line":169,"column":13}},"93":{"start":{"line":168,"column":73},"end":{"line":168,"column":92}},"94":{"start":{"line":173,"column":8},"end":{"line":173,"column":49}},"95":{"start":{"line":174,"column":8},"end":{"line":174,"column":33}},"96":{"start":{"line":177,"column":8},"end":{"line":182,"column":9}},"97":{"start":{"line":178,"column":10},"end":{"line":181,"column":13}},"98":{"start":{"line":183,"column":8},"end":{"line":188,"column":9}},"99":{"start":{"line":184,"column":10},"end":{"line":187,"column":13}},"100":{"start":{"line":191,"column":20},"end":{"line":191,"column":92}},"101":{"start":{"line":192,"column":6},"end":{"line":192,"column":22}},"102":{"start":{"line":193,"column":6},"end":{"line":193,"column":18}},"103":{"start":{"line":195,"column":6},"end":{"line":195,"column":24}},"104":{"start":{"line":199,"column":33},"end":{"line":212,"column":4}},"105":{"start":{"line":214,"column":2},"end":{"line":218,"column":4}},"106":{"start":{"line":25,"column":13},"end":{"line":25,"column":69}},"107":{"start":{"line":221,"column":23},"end":{"line":227,"column":1}},"108":{"start":{"line":222,"column":18},"end":{"line":222,"column":41}},"109":{"start":{"line":223,"column":2},"end":{"line":225,"column":3}},"110":{"start":{"line":224,"column":4},"end":{"line":224,"column":64}},"111":{"start":{"line":226,"column":2},"end":{"line":226,"column":17}},"112":{"start":{"line":221,"column":13},"end":{"line":221,"column":23}}},"fnMap":{"0":{"name":"(anonymous_9)","decl":{"start":{"line":25,"column":69},"end":{"line":25,"column":70}},"loc":{"start":{"line":25,"column":86},"end":{"line":219,"column":1}}},"1":{"name":"(anonymous_10)","decl":{"start":{"line":33,"column":33},"end":{"line":33,"column":38}},"loc":{"start":{"line":33,"column":44},"end":{"line":48,"column":3}}},"2":{"name":"(anonymous_11)","decl":{"start":{"line":50,"column":26},"end":{"line":50,"column":31}},"loc":{"start":{"line":50,"column":48},"end":{"line":71,"column":3}}},"3":{"name":"(anonymous_12)","decl":{"start":{"line":73,"column":24},"end":{"line":73,"column":29}},"loc":{"start":{"line":73,"column":101},"end":{"line":93,"column":3}}},"4":{"name":"(anonymous_13)","decl":{"start":{"line":85,"column":28},"end":{"line":85,"column":32}},"loc":{"start":{"line":85,"column":36},"end":{"line":85,"column":73}}},"5":{"name":"(anonymous_14)","decl":{"start":{"line":95,"column":24},"end":{"line":95,"column":29}},"loc":{"start":{"line":95,"column":46},"end":{"line":115,"column":3}}},"6":{"name":"(anonymous_15)","decl":{"start":{"line":107,"column":28},"end":{"line":107,"column":32}},"loc":{"start":{"line":107,"column":36},"end":{"line":107,"column":93}}},"7":{"name":"(anonymous_16)","decl":{"start":{"line":117,"column":24},"end":{"line":117,"column":29}},"loc":{"start":{"line":117,"column":35},"end":{"line":137,"column":3}}},"8":{"name":"(anonymous_17)","decl":{"start":{"line":129,"column":28},"end":{"line":129,"column":32}},"loc":{"start":{"line":129,"column":36},"end":{"line":129,"column":91}}},"9":{"name":"(anonymous_18)","decl":{"start":{"line":139,"column":21},"end":{"line":139,"column":24}},"loc":{"start":{"line":139,"column":27},"end":{"line":139,"column":41}}},"10":{"name":"(anonymous_19)","decl":{"start":{"line":141,"column":27},"end":{"line":141,"column":32}},"loc":{"start":{"line":141,"column":58},"end":{"line":197,"column":3}}},"11":{"name":"(anonymous_20)","decl":{"start":{"line":162,"column":65},"end":{"line":162,"column":67}},"loc":{"start":{"line":162,"column":71},"end":{"line":162,"column":86}}},"12":{"name":"(anonymous_21)","decl":{"start":{"line":168,"column":67},"end":{"line":168,"column":69}},"loc":{"start":{"line":168,"column":73},"end":{"line":168,"column":92}}},"13":{"name":"(anonymous_22)","decl":{"start":{"line":221,"column":23},"end":{"line":221,"column":26}},"loc":{"start":{"line":221,"column":28},"end":{"line":227,"column":1}}}},"branchMap":{"0":{"loc":{"start":{"line":34,"column":4},"end":{"line":34,"column":27}},"type":"if","locations":[{"start":{"line":34,"column":4},"end":{"line":34,"column":27}}]},"1":{"loc":{"start":{"line":42,"column":20},"end":{"line":42,"column":84}},"type":"cond-expr","locations":[{"start":{"line":42,"column":43},"end":{"line":42,"column":46}},{"start":{"line":42,"column":49},"end":{"line":42,"column":84}}]},"2":{"loc":{"start":{"line":58,"column":6},"end":{"line":63,"column":7}},"type":"if","locations":[{"start":{"line":58,"column":6},"end":{"line":63,"column":7}},{"start":{"line":61,"column":13},"end":{"line":63,"column":7}}]},"3":{"loc":{"start":{"line":58,"column":10},"end":{"line":58,"column":39}},"type":"binary-expr","locations":[{"start":{"line":58,"column":10},"end":{"line":58,"column":19}},{"start":{"line":58,"column":23},"end":{"line":58,"column":39}}]},"4":{"loc":{"start":{"line":65,"column":20},"end":{"line":65,"column":89}},"type":"cond-expr","locations":[{"start":{"line":65,"column":43},"end":{"line":65,"column":46}},{"start":{"line":65,"column":49},"end":{"line":65,"column":89}}]},"5":{"loc":{"start":{"line":74,"column":4},"end":{"line":76,"column":5}},"type":"if","locations":[{"start":{"line":74,"column":4},"end":{"line":76,"column":5}}]},"6":{"loc":{"start":{"line":85,"column":36},"end":{"line":85,"column":73}},"type":"cond-expr","locations":[{"start":{"line":85,"column":43},"end":{"line":85,"column":66}},{"start":{"line":85,"column":69},"end":{"line":85,"column":73}}]},"7":{"loc":{"start":{"line":87,"column":20},"end":{"line":87,"column":86}},"type":"cond-expr","locations":[{"start":{"line":87,"column":43},"end":{"line":87,"column":46}},{"start":{"line":87,"column":49},"end":{"line":87,"column":86}}]},"8":{"loc":{"start":{"line":96,"column":4},"end":{"line":98,"column":5}},"type":"if","locations":[{"start":{"line":96,"column":4},"end":{"line":98,"column":5}}]},"9":{"loc":{"start":{"line":107,"column":36},"end":{"line":107,"column":93}},"type":"cond-expr","locations":[{"start":{"line":107,"column":43},"end":{"line":107,"column":86}},{"start":{"line":107,"column":89},"end":{"line":107,"column":93}}]},"10":{"loc":{"start":{"line":109,"column":20},"end":{"line":109,"column":86}},"type":"cond-expr","locations":[{"start":{"line":109,"column":43},"end":{"line":109,"column":46}},{"start":{"line":109,"column":49},"end":{"line":109,"column":86}}]},"11":{"loc":{"start":{"line":118,"column":4},"end":{"line":120,"column":5}},"type":"if","locations":[{"start":{"line":118,"column":4},"end":{"line":120,"column":5}}]},"12":{"loc":{"start":{"line":129,"column":36},"end":{"line":129,"column":91}},"type":"cond-expr","locations":[{"start":{"line":129,"column":43},"end":{"line":129,"column":84}},{"start":{"line":129,"column":87},"end":{"line":129,"column":91}}]},"13":{"loc":{"start":{"line":131,"column":20},"end":{"line":131,"column":86}},"type":"cond-expr","locations":[{"start":{"line":131,"column":43},"end":{"line":131,"column":46}},{"start":{"line":131,"column":49},"end":{"line":131,"column":86}}]},"14":{"loc":{"start":{"line":142,"column":4},"end":{"line":144,"column":5}},"type":"if","locations":[{"start":{"line":142,"column":4},"end":{"line":144,"column":5}}]},"15":{"loc":{"start":{"line":153,"column":6},"end":{"line":189,"column":7}},"type":"if","locations":[{"start":{"line":153,"column":6},"end":{"line":189,"column":7}},{"start":{"line":171,"column":13},"end":{"line":189,"column":7}}]},"16":{"loc":{"start":{"line":159,"column":8},"end":{"line":164,"column":9}},"type":"if","locations":[{"start":{"line":159,"column":8},"end":{"line":164,"column":9}}]},"17":{"loc":{"start":{"line":162,"column":24},"end":{"line":162,"column":56}},"type":"binary-expr","locations":[{"start":{"line":162,"column":24},"end":{"line":162,"column":50}},{"start":{"line":162,"column":54},"end":{"line":162,"column":56}}]},"18":{"loc":{"start":{"line":165,"column":8},"end":{"line":170,"column":9}},"type":"if","locations":[{"start":{"line":165,"column":8},"end":{"line":170,"column":9}}]},"19":{"loc":{"start":{"line":168,"column":24},"end":{"line":168,"column":58}},"type":"binary-expr","locations":[{"start":{"line":168,"column":24},"end":{"line":168,"column":52}},{"start":{"line":168,"column":56},"end":{"line":168,"column":58}}]},"20":{"loc":{"start":{"line":177,"column":8},"end":{"line":182,"column":9}},"type":"if","locations":[{"start":{"line":177,"column":8},"end":{"line":182,"column":9}}]},"21":{"loc":{"start":{"line":180,"column":28},"end":{"line":180,"column":60}},"type":"binary-expr","locations":[{"start":{"line":180,"column":28},"end":{"line":180,"column":54}},{"start":{"line":180,"column":58},"end":{"line":180,"column":60}}]},"22":{"loc":{"start":{"line":183,"column":8},"end":{"line":188,"column":9}},"type":"if","locations":[{"start":{"line":183,"column":8},"end":{"line":188,"column":9}}]},"23":{"loc":{"start":{"line":186,"column":28},"end":{"line":186,"column":62}},"type":"binary-expr","locations":[{"start":{"line":186,"column":28},"end":{"line":186,"column":56}},{"start":{"line":186,"column":60},"end":{"line":186,"column":62}}]},"24":{"loc":{"start":{"line":191,"column":20},"end":{"line":191,"column":92}},"type":"cond-expr","locations":[{"start":{"line":191,"column":43},"end":{"line":191,"column":46}},{"start":{"line":191,"column":49},"end":{"line":191,"column":92}}]},"25":{"loc":{"start":{"line":223,"column":2},"end":{"line":225,"column":3}},"type":"if","locations":[{"start":{"line":223,"column":2},"end":{"line":225,"column":3}}]}},"s":{"0":0,"1":0,"2":0,"3":0,"4":0,"5":0,"6":0,"7":0,"8":0,"9":0,"10":0,"11":0,"12":0,"13":0,"14":0,"15":0,"16":0,"17":0,"18":0,"19":0,"20":0,"21":0,"22":0,"23":0,"24":0,"25":0,"26":0,"27":0,"28":0,"29":0,"30":0,"31":0,"32":0,"33":0,"34":0,"35":0,"36":0,"37":0,"38":0,"39":0,"40":0,"41":0,"42":0,"43":0,"44":0,"45":0,"46":0,"47":0,"48":0,"49":0,"50":0,"51":0,"52":0,"53":0,"54":0,"55":0,"56":0,"57":0,"58":0,"59":0,"60":0,"61":0,"62":0,"63":0,"64":0,"65":0,"66":0,"67":0,"68":0,"69":0,"70":0,"71":0,"72":0,"73":0,"74":0,"75":0,"76":0,"77":0,"78":0,"79":0,"80":0,"81":0,"82":0,"83":0,"84":0,"85":0,"86":0,"87":0,"88":0,"89":0,"90":0,"91":0,"92":0,"93":0,"94":0,"95":0,"96":0,"97":0,"98":0,"99":0,"100":0,"101":0,"102":0,"103":0,"104":0,"105":0,"106":0,"107":0,"108":0,"109":0,"110":0,"111":0,"112":0},"f":{"0":0,"1":0,"2":0,"3":0,"4":0,"5":0,"6":0,"7":0,"8":0,"9":0,"10":0,"11":0,"12":0,"13":0},"b":{"0":[0],"1":[0,0],"2":[0,0],"3":[0,0],"4":[0,0],"5":[0],"6":[0,0],"7":[0,0],"8":[0],"9":[0,0],"10":[0,0],"11":[0],"12":[0,0],"13":[0,0],"14":[0],"15":[0,0],"16":[0],"17":[0,0],"18":[0],"19":[0,0],"20":[0],"21":[0,0],"22":[0],"23":[0,0],"24":[0,0],"25":[0]}}
,"D:\\Documents\\pubs-tagram\\src\\navigation\\AppNavigator.tsx": {"path":"D:\\Documents\\pubs-tagram\\src\\navigation\\AppNavigator.tsx","statementMap":{"0":{"start":{"line":1,"column":0},"end":{"line":1,"column":26}},"1":{"start":{"line":2,"column":0},"end":{"line":2,"column":63}},"2":{"start":{"line":3,"column":0},"end":{"line":3,"column":73}},"3":{"start":{"line":4,"column":0},"end":{"line":4,"column":50}},"4":{"start":{"line":5,"column":0},"end":{"line":5,"column":105}},"5":{"start":{"line":8,"column":0},"end":{"line":8,"column":47}},"6":{"start":{"line":9,"column":0},"end":{"line":9,"column":47}},"7":{"start":{"line":10,"column":0},"end":{"line":10,"column":51}},"8":{"start":{"line":11,"column":0},"end":{"line":11,"column":57}},"9":{"start":{"line":12,"column":0},"end":{"line":12,"column":57}},"10":{"start":{"line":13,"column":0},"end":{"line":13,"column":65}},"11":{"start":{"line":14,"column":0},"end":{"line":14,"column":55}},"12":{"start":{"line":15,"column":0},"end":{"line":15,"column":59}},"13":{"start":{"line":16,"column":0},"end":{"line":16,"column":69}},"14":{"start":{"line":17,"column":0},"end":{"line":17,"column":69}},"15":{"start":{"line":18,"column":0},"end":{"line":18,"column":57}},"16":{"start":{"line":20,"column":14},"end":{"line":20,"column":36}},"17":{"start":{"line":21,"column":12},"end":{"line":21,"column":38}},"18":{"start":{"line":24,"column":2},"end":{"line":94,"column":4}},"19":{"start":{"line":26,"column":42},"end":{"line":35,"column":8}},"20":{"start":{"line":40,"column":38},"end":{"line":62,"column":10}},"21":{"start":{"line":43,"column":37},"end":{"line":43,"column":83}},"22":{"start":{"line":45,"column":12},"end":{"line":59,"column":null}},"23":{"start":{"line":46,"column":47},"end":{"line":46,"column":76}},"24":{"start":{"line":50,"column":31},"end":{"line":50,"column":60}},"25":{"start":{"line":71,"column":37},"end":{"line":71,"column":83}},"26":{"start":{"line":81,"column":37},"end":{"line":81,"column":84}},"27":{"start":{"line":90,"column":37},"end":{"line":90,"column":84}},"28":{"start":{"line":98,"column":2},"end":{"line":106,"column":4}},"29":{"start":{"line":110,"column":2},"end":{"line":123,"column":4}},"30":{"start":{"line":127,"column":28},"end":{"line":127,"column":37}},"31":{"start":{"line":129,"column":2},"end":{"line":137,"column":3}},"32":{"start":{"line":130,"column":4},"end":{"line":136,"column":6}},"33":{"start":{"line":139,"column":2},"end":{"line":139,"column":45}},"34":{"start":{"line":142,"column":15},"end":{"line":153,"column":2}},"35":{"start":{"line":155,"column":0},"end":{"line":155,"column":28}}},"fnMap":{"0":{"name":"AppTabs","decl":{"start":{"line":23,"column":9},"end":{"line":23,"column":16}},"loc":{"start":{"line":23,"column":16},"end":{"line":95,"column":1}}},"1":{"name":"(anonymous_2)","decl":{"start":{"line":26,"column":21},"end":{"line":26,"column":22}},"loc":{"start":{"line":26,"column":42},"end":{"line":35,"column":8}}},"2":{"name":"(anonymous_3)","decl":{"start":{"line":40,"column":17},"end":{"line":40,"column":18}},"loc":{"start":{"line":40,"column":38},"end":{"line":62,"column":10}}},"3":{"name":"(anonymous_4)","decl":{"start":{"line":43,"column":22},"end":{"line":43,"column":23}},"loc":{"start":{"line":43,"column":37},"end":{"line":43,"column":83}}},"4":{"name":"(anonymous_5)","decl":{"start":{"line":44,"column":23},"end":{"line":44,"column":26}},"loc":{"start":{"line":45,"column":12},"end":{"line":59,"column":null}}},"5":{"name":"(anonymous_6)","decl":{"start":{"line":46,"column":41},"end":{"line":46,"column":44}},"loc":{"start":{"line":46,"column":47},"end":{"line":46,"column":76}}},"6":{"name":"(anonymous_7)","decl":{"start":{"line":50,"column":25},"end":{"line":50,"column":28}},"loc":{"start":{"line":50,"column":31},"end":{"line":50,"column":60}}},"7":{"name":"(anonymous_8)","decl":{"start":{"line":71,"column":22},"end":{"line":71,"column":23}},"loc":{"start":{"line":71,"column":37},"end":{"line":71,"column":83}}},"8":{"name":"(anonymous_9)","decl":{"start":{"line":81,"column":22},"end":{"line":81,"column":23}},"loc":{"start":{"line":81,"column":37},"end":{"line":81,"column":84}}},"9":{"name":"(anonymous_10)","decl":{"start":{"line":90,"column":22},"end":{"line":90,"column":23}},"loc":{"start":{"line":90,"column":37},"end":{"line":90,"column":84}}},"10":{"name":"AuthStack","decl":{"start":{"line":97,"column":9},"end":{"line":97,"column":18}},"loc":{"start":{"line":97,"column":18},"end":{"line":107,"column":1}}},"11":{"name":"AppStack","decl":{"start":{"line":109,"column":9},"end":{"line":109,"column":17}},"loc":{"start":{"line":109,"column":17},"end":{"line":124,"column":1}}},"12":{"name":"AppNavigator","decl":{"start":{"line":126,"column":9},"end":{"line":126,"column":21}},"loc":{"start":{"line":126,"column":21},"end":{"line":140,"column":1}}}},"branchMap":{"0":{"loc":{"start":{"line":129,"column":2},"end":{"line":137,"column":3}},"type":"if","locations":[{"start":{"line":129,"column":2},"end":{"line":137,"column":3}}]},"1":{"loc":{"start":{"line":139,"column":9},"end":{"line":139,"column":44}},"type":"cond-expr","locations":[{"start":{"line":139,"column":16},"end":{"line":139,"column":28}},{"start":{"line":139,"column":31},"end":{"line":139,"column":44}}]}},"s":{"0":0,"1":0,"2":0,"3":0,"4":0,"5":0,"6":0,"7":0,"8":0,"9":0,"10":0,"11":0,"12":0,"13":0,"14":0,"15":0,"16":0,"17":0,"18":0,"19":0,"20":0,"21":0,"22":0,"23":0,"24":0,"25":0,"26":0,"27":0,"28":0,"29":0,"30":0,"31":0,"32":0,"33":0,"34":0,"35":0},"f":{"0":0,"1":0,"2":0,"3":0,"4":0,"5":0,"6":0,"7":0,"8":0,"9":0,"10":0,"11":0,"12":0},"b":{"0":[0],"1":[0,0]}}
,"D:\\Documents\\pubs-tagram\\src\\screens\\AddPubScreen.tsx": {"path":"D:\\Documents\\pubs-tagram\\src\\screens\\AddPubScreen.tsx","statementMap":{"0":{"start":{"line":1,"column":0},"end":{"line":1,"column":59}},"1":{"start":{"line":2,"column":0},"end":{"line":2,"column":null}},"2":{"start":{"line":14,"column":0},"end":{"line":14,"column":57}},"3":{"start":{"line":17,"column":0},"end":{"line":17,"column":50}},"4":{"start":{"line":18,"column":0},"end":{"line":18,"column":60}},"5":{"start":{"line":19,"column":0},"end":{"line":19,"column":61}},"6":{"start":{"line":20,"column":0},"end":{"line":20,"column":53}},"7":{"start":{"line":21,"column":0},"end":{"line":21,"column":50}},"8":{"start":{"line":32,"column":21},"end":{"line":313,"column":1}},"9":{"start":{"line":33,"column":21},"end":{"line":33,"column":64}},"10":{"start":{"line":34,"column":19},"end":{"line":34,"column":28}},"11":{"start":{"line":35,"column":23},"end":{"line":35,"column":40}},"12":{"start":{"line":37,"column":32},"end":{"line":37,"column":44}},"13":{"start":{"line":38,"column":34},"end":{"line":38,"column":46}},"14":{"start":{"line":39,"column":38},"end":{"line":39,"column":50}},"15":{"start":{"line":40,"column":36},"end":{"line":40,"column":48}},"16":{"start":{"line":41,"column":44},"end":{"line":41,"column":55}},"17":{"start":{"line":42,"column":40},"end":{"line":42,"column":51}},"18":{"start":{"line":43,"column":40},"end":{"line":43,"column":51}},"19":{"start":{"line":44,"column":30},"end":{"line":44,"column":55}},"20":{"start":{"line":45,"column":32},"end":{"line":45,"column":47}},"21":{"start":{"line":46,"column":38},"end":{"line":46,"column":53}},"22":{"start":{"line":48,"column":27},"end":{"line":68,"column":3}},"23":{"start":{"line":49,"column":22},"end":{"line":49,"column":39}},"24":{"start":{"line":50,"column":23},"end":{"line":50,"column":79}},"25":{"start":{"line":50,"column":48},"end":{"line":50,"column":78}},"26":{"start":{"line":52,"column":27},"end":{"line":52,"column":44}},"27":{"start":{"line":53,"column":23},"end":{"line":53,"column":58}},"28":{"start":{"line":55,"column":4},"end":{"line":63,"column":7}},"29":{"start":{"line":56,"column":21},"end":{"line":56,"column":37}},"30":{"start":{"line":57,"column":6},"end":{"line":61,"column":8}},"31":{"start":{"line":58,"column":8},"end":{"line":60,"column":9}},"32":{"start":{"line":59,"column":10},"end":{"line":59,"column":76}},"33":{"start":{"line":59,"column":28},"end":{"line":59,"column":74}},"34":{"start":{"line":62,"column":6},"end":{"line":62,"column":33}},"35":{"start":{"line":65,"column":4},"end":{"line":67,"column":5}},"36":{"start":{"line":66,"column":6},"end":{"line":66,"column":81}},"37":{"start":{"line":70,"column":32},"end":{"line":74,"column":3}},"38":{"start":{"line":71,"column":4},"end":{"line":73,"column":5}},"39":{"start":{"line":72,"column":6},"end":{"line":72,"column":39}},"40":{"start":{"line":76,"column":26},"end":{"line":94,"column":3}},"41":{"start":{"line":77,"column":4},"end":{"line":80,"column":5}},"42":{"start":{"line":78,"column":6},"end":{"line":78,"column":63}},"43":{"start":{"line":79,"column":6},"end":{"line":79,"column":13}},"44":{"start":{"line":82,"column":4},"end":{"line":93,"column":5}},"45":{"start":{"line":83,"column":6},"end":{"line":83,"column":35}},"46":{"start":{"line":85,"column":6},"end":{"line":92,"column":7}},"47":{"start":{"line":86,"column":23},"end":{"line":86,"column":51}},"48":{"start":{"line":87,"column":8},"end":{"line":89,"column":9}},"49":{"start":{"line":88,"column":10},"end":{"line":88,"column":54}},"50":{"start":{"line":91,"column":8},"end":{"line":91,"column":53}},"51":{"start":{"line":96,"column":28},"end":{"line":98,"column":3}},"52":{"start":{"line":97,"column":4},"end":{"line":97,"column":52}},"53":{"start":{"line":97,"column":38},"end":{"line":97,"column":49}},"54":{"start":{"line":100,"column":21},"end":{"line":164,"column":3}},"55":{"start":{"line":101,"column":4},"end":{"line":104,"column":5}},"56":{"start":{"line":102,"column":6},"end":{"line":102,"column":39}},"57":{"start":{"line":103,"column":6},"end":{"line":103,"column":13}},"58":{"start":{"line":106,"column":4},"end":{"line":109,"column":5}},"59":{"start":{"line":107,"column":6},"end":{"line":107,"column":39}},"60":{"start":{"line":108,"column":6},"end":{"line":108,"column":13}},"61":{"start":{"line":111,"column":4},"end":{"line":114,"column":5}},"62":{"start":{"line":112,"column":6},"end":{"line":112,"column":45}},"63":{"start":{"line":113,"column":6},"end":{"line":113,"column":13}},"64":{"start":{"line":116,"column":4},"end":{"line":116,"column":22}},"65":{"start":{"line":116,"column":15},"end":{"line":116,"column":22}},"66":{"start":{"line":118,"column":4},"end":{"line":118,"column":21}},"67":{"start":{"line":120,"column":4},"end":{"line":163,"column":5}},"68":{"start":{"line":121,"column":24},"end":{"line":121,"column":43}},"69":{"start":{"line":123,"column":29},"end":{"line":131,"column":8}},"70":{"start":{"line":124,"column":8},"end":{"line":130,"column":10}},"71":{"start":{"line":133,"column":28},"end":{"line":133,"column":61}},"72":{"start":{"line":134,"column":24},"end":{"line":134,"column":57}},"73":{"start":{"line":134,"column":47},"end":{"line":134,"column":56}},"74":{"start":{"line":135,"column":28},"end":{"line":135,"column":66}},"75":{"start":{"line":135,"column":51},"end":{"line":135,"column":65}},"76":{"start":{"line":138,"column":6},"end":{"line":143,"column":7}},"77":{"start":{"line":139,"column":8},"end":{"line":139,"column":43}},"78":{"start":{"line":140,"column":8},"end":{"line":142,"column":9}},"79":{"start":{"line":141,"column":10},"end":{"line":141,"column":35}},"80":{"start":{"line":145,"column":6},"end":{"line":155,"column":9}},"81":{"start":{"line":157,"column":6},"end":{"line":157,"column":26}},"82":{"start":{"line":159,"column":6},"end":{"line":159,"column":42}},"83":{"start":{"line":160,"column":6},"end":{"line":160,"column":65}},"84":{"start":{"line":162,"column":6},"end":{"line":162,"column":24}},"85":{"start":{"line":166,"column":2},"end":{"line":312,"column":4}},"86":{"start":{"line":170,"column":25},"end":{"line":170,"column":44}},"87":{"start":{"line":191,"column":14},"end":{"line":199,"column":null}},"88":{"start":{"line":195,"column":33},"end":{"line":195,"column":57}},"89":{"start":{"line":315,"column":15},"end":{"line":452,"column":2}},"90":{"start":{"line":454,"column":0},"end":{"line":454,"column":28}}},"fnMap":{"0":{"name":"(anonymous_10)","decl":{"start":{"line":32,"column":21},"end":{"line":32,"column":24}},"loc":{"start":{"line":32,"column":26},"end":{"line":313,"column":1}}},"1":{"name":"(anonymous_11)","decl":{"start":{"line":48,"column":27},"end":{"line":48,"column":28}},"loc":{"start":{"line":48,"column":56},"end":{"line":68,"column":3}}},"2":{"name":"(anonymous_12)","decl":{"start":{"line":50,"column":40},"end":{"line":50,"column":44}},"loc":{"start":{"line":50,"column":48},"end":{"line":50,"column":78}}},"3":{"name":"(anonymous_13)","decl":{"start":{"line":55,"column":23},"end":{"line":55,"column":27}},"loc":{"start":{"line":55,"column":30},"end":{"line":63,"column":5}}},"4":{"name":"(anonymous_14)","decl":{"start":{"line":57,"column":22},"end":{"line":57,"column":23}},"loc":{"start":{"line":57,"column":28},"end":{"line":61,"column":7}}},"5":{"name":"(anonymous_15)","decl":{"start":{"line":59,"column":20},"end":{"line":59,"column":24}},"loc":{"start":{"line":59,"column":28},"end":{"line":59,"column":74}}},"6":{"name":"(anonymous_16)","decl":{"start":{"line":70,"column":32},"end":{"line":70,"column":33}},"loc":{"start":{"line":70,"column":43},"end":{"line":74,"column":3}}},"7":{"name":"(anonymous_17)","decl":{"start":{"line":76,"column":26},"end":{"line":76,"column":31}},"loc":{"start":{"line":76,"column":37},"end":{"line":94,"column":3}}},"8":{"name":"(anonymous_18)","decl":{"start":{"line":96,"column":28},"end":{"line":96,"column":29}},"loc":{"start":{"line":96,"column":46},"end":{"line":98,"column":3}}},"9":{"name":"(anonymous_19)","decl":{"start":{"line":97,"column":28},"end":{"line":97,"column":29}},"loc":{"start":{"line":97,"column":38},"end":{"line":97,"column":49}}},"10":{"name":"(anonymous_20)","decl":{"start":{"line":100,"column":21},"end":{"line":100,"column":26}},"loc":{"start":{"line":100,"column":32},"end":{"line":164,"column":3}}},"11":{"name":"(anonymous_21)","decl":{"start":{"line":123,"column":40},"end":{"line":123,"column":45}},"loc":{"start":{"line":123,"column":63},"end":{"line":131,"column":7}}},"12":{"name":"(anonymous_22)","decl":{"start":{"line":134,"column":42},"end":{"line":134,"column":43}},"loc":{"start":{"line":134,"column":47},"end":{"line":134,"column":56}}},"13":{"name":"(anonymous_23)","decl":{"start":{"line":135,"column":46},"end":{"line":135,"column":47}},"loc":{"start":{"line":135,"column":51},"end":{"line":135,"column":65}}},"14":{"name":"(anonymous_24)","decl":{"start":{"line":170,"column":19},"end":{"line":170,"column":22}},"loc":{"start":{"line":170,"column":25},"end":{"line":170,"column":44}}},"15":{"name":"(anonymous_25)","decl":{"start":{"line":190,"column":24},"end":{"line":190,"column":25}},"loc":{"start":{"line":191,"column":14},"end":{"line":199,"column":null}}},"16":{"name":"(anonymous_26)","decl":{"start":{"line":195,"column":27},"end":{"line":195,"column":30}},"loc":{"start":{"line":195,"column":33},"end":{"line":195,"column":57}}}},"branchMap":{"0":{"loc":{"start":{"line":58,"column":8},"end":{"line":60,"column":9}},"type":"if","locations":[{"start":{"line":58,"column":8},"end":{"line":60,"column":9}}]},"1":{"loc":{"start":{"line":65,"column":4},"end":{"line":67,"column":5}},"type":"if","locations":[{"start":{"line":65,"column":4},"end":{"line":67,"column":5}}]},"2":{"loc":{"start":{"line":71,"column":4},"end":{"line":73,"column":5}},"type":"if","locations":[{"start":{"line":71,"column":4},"end":{"line":73,"column":5}}]},"3":{"loc":{"start":{"line":71,"column":8},"end":{"line":71,"column":51}},"type":"binary-expr","locations":[{"start":{"line":71,"column":8},"end":{"line":71,"column":22}},{"start":{"line":71,"column":26},"end":{"line":71,"column":51}}]},"4":{"loc":{"start":{"line":77,"column":4},"end":{"line":80,"column":5}},"type":"if","locations":[{"start":{"line":77,"column":4},"end":{"line":80,"column":5}}]},"5":{"loc":{"start":{"line":82,"column":4},"end":{"line":93,"column":5}},"type":"if","locations":[{"start":{"line":82,"column":4},"end":{"line":93,"column":5}},{"start":{"line":84,"column":11},"end":{"line":93,"column":5}}]},"6":{"loc":{"start":{"line":82,"column":8},"end":{"line":82,"column":53}},"type":"binary-expr","locations":[{"start":{"line":82,"column":8},"end":{"line":82,"column":29}},{"start":{"line":82,"column":33},"end":{"line":82,"column":53}}]},"7":{"loc":{"start":{"line":87,"column":8},"end":{"line":89,"column":9}},"type":"if","locations":[{"start":{"line":87,"column":8},"end":{"line":89,"column":9}}]},"8":{"loc":{"start":{"line":101,"column":4},"end":{"line":104,"column":5}},"type":"if","locations":[{"start":{"line":101,"column":4},"end":{"line":104,"column":5}}]},"9":{"loc":{"start":{"line":106,"column":4},"end":{"line":109,"column":5}},"type":"if","locations":[{"start":{"line":106,"column":4},"end":{"line":109,"column":5}}]},"10":{"loc":{"start":{"line":111,"column":4},"end":{"line":114,"column":5}},"type":"if","locations":[{"start":{"line":111,"column":4},"end":{"line":114,"column":5}}]},"11":{"loc":{"start":{"line":116,"column":4},"end":{"line":116,"column":22}},"type":"if","locations":[{"start":{"line":116,"column":4},"end":{"line":116,"column":22}}]},"12":{"loc":{"start":{"line":138,"column":6},"end":{"line":143,"column":7}},"type":"if","locations":[{"start":{"line":138,"column":6},"end":{"line":143,"column":7}}]},"13":{"loc":{"start":{"line":140,"column":8},"end":{"line":142,"column":9}},"type":"if","locations":[{"start":{"line":140,"column":8},"end":{"line":142,"column":9}}]},"14":{"loc":{"start":{"line":152,"column":21},"end":{"line":152,"column":62}},"type":"cond-expr","locations":[{"start":{"line":152,"column":39},"end":{"line":152,"column":50}},{"start":{"line":152,"column":53},"end":{"line":152,"column":62}}]},"15":{"loc":{"start":{"line":160,"column":25},"end":{"line":160,"column":62}},"type":"binary-expr","locations":[{"start":{"line":160,"column":25},"end":{"line":160,"column":38}},{"start":{"line":160,"column":42},"end":{"line":160,"column":62}}]},"16":{"loc":{"start":{"line":177,"column":11},"end":{"line":180,"column":null}},"type":"cond-expr","locations":[{"start":{"line":178,"column":12},"end":{"line":178,"column":49}},{"start":{"line":180,"column":12},"end":{"line":180,"column":52}}]},"17":{"loc":{"start":{"line":203,"column":13},"end":{"line":211,"column":null}},"type":"binary-expr","locations":[{"start":{"line":203,"column":13},"end":{"line":203,"column":30}},{"start":{"line":204,"column":14},"end":{"line":210,"column":null}}]},"18":{"loc":{"start":{"line":269,"column":13},"end":{"line":269,"column":49}},"type":"binary-expr","locations":[{"start":{"line":269,"column":13},"end":{"line":269,"column":32}},{"start":{"line":269,"column":36},"end":{"line":269,"column":49}}]},"19":{"loc":{"start":{"line":270,"column":13},"end":{"line":270,"column":48}},"type":"binary-expr","locations":[{"start":{"line":270,"column":13},"end":{"line":270,"column":32}},{"start":{"line":270,"column":36},"end":{"line":270,"column":48}}]},"20":{"loc":{"start":{"line":271,"column":13},"end":{"line":271,"column":48}},"type":"binary-expr","locations":[{"start":{"line":271,"column":13},"end":{"line":271,"column":32}},{"start":{"line":271,"column":36},"end":{"line":271,"column":48}}]},"21":{"loc":{"start":{"line":272,"column":13},"end":{"line":272,"column":48}},"type":"binary-expr","locations":[{"start":{"line":272,"column":13},"end":{"line":272,"column":32}},{"start":{"line":272,"column":36},"end":{"line":272,"column":48}}]},"22":{"loc":{"start":{"line":273,"column":13},"end":{"line":273,"column":53}},"type":"binary-expr","locations":[{"start":{"line":273,"column":13},"end":{"line":273,"column":32}},{"start":{"line":273,"column":36},"end":{"line":273,"column":53}}]},"23":{"loc":{"start":{"line":285,"column":13},"end":{"line":285,"column":40}},"type":"binary-expr","locations":[{"start":{"line":285,"column":13},"end":{"line":285,"column":30}},{"start":{"line":285,"column":34},"end":{"line":285,"column":40}}]},"24":{"loc":{"start":{"line":286,"column":13},"end":{"line":286,"column":43}},"type":"binary-expr","locations":[{"start":{"line":286,"column":13},"end":{"line":286,"column":30}},{"start":{"line":286,"column":34},"end":{"line":286,"column":43}}]},"25":{"loc":{"start":{"line":287,"column":13},"end":{"line":287,"column":40}},"type":"binary-expr","locations":[{"start":{"line":287,"column":13},"end":{"line":287,"column":30}},{"start":{"line":287,"column":34},"end":{"line":287,"column":40}}]},"26":{"loc":{"start":{"line":288,"column":13},"end":{"line":288,"column":41}},"type":"binary-expr","locations":[{"start":{"line":288,"column":13},"end":{"line":288,"column":30}},{"start":{"line":288,"column":34},"end":{"line":288,"column":41}}]},"27":{"loc":{"start":{"line":289,"column":13},"end":{"line":289,"column":45}},"type":"binary-expr","locations":[{"start":{"line":289,"column":13},"end":{"line":289,"column":30}},{"start":{"line":289,"column":34},"end":{"line":289,"column":45}}]},"28":{"loc":{"start":{"line":300,"column":11},"end":{"line":307,"column":null}},"type":"binary-expr","locations":[{"start":{"line":300,"column":11},"end":{"line":300,"column":26}},{"start":{"line":301,"column":12},"end":{"line":306,"column":null}}]},"29":{"loc":{"start":{"line":302,"column":15},"end":{"line":302,"column":42}},"type":"binary-expr","locations":[{"start":{"line":302,"column":15},"end":{"line":302,"column":32}},{"start":{"line":302,"column":36},"end":{"line":302,"column":42}}]},"30":{"loc":{"start":{"line":303,"column":15},"end":{"line":303,"column":45}},"type":"binary-expr","locations":[{"start":{"line":303,"column":15},"end":{"line":303,"column":32}},{"start":{"line":303,"column":36},"end":{"line":303,"column":45}}]},"31":{"loc":{"start":{"line":304,"column":15},"end":{"line":304,"column":42}},"type":"binary-expr","locations":[{"start":{"line":304,"column":15},"end":{"line":304,"column":32}},{"start":{"line":304,"column":36},"end":{"line":304,"column":42}}]},"32":{"loc":{"start":{"line":305,"column":15},"end":{"line":305,"column":43}},"type":"binary-expr","locations":[{"start":{"line":305,"column":15},"end":{"line":305,"column":32}},{"start":{"line":305,"column":36},"end":{"line":305,"column":43}}]},"33":{"loc":{"start":{"line":306,"column":15},"end":{"line":306,"column":47}},"type":"binary-expr","locations":[{"start":{"line":306,"column":15},"end":{"line":306,"column":32}},{"start":{"line":306,"column":36},"end":{"line":306,"column":47}}]}},"s":{"0":0,"1":0,"2":0,"3":0,"4":0,"5":0,"6":0,"7":0,"8":0,"9":0,"10":0,"11":0,"12":0,"13":0,"14":0,"15":0,"16":0,"17":0,"18":0,"19":0,"20":0,"21":0,"22":0,"23":0,"24":0,"25":0,"26":0,"27":0,"28":0,"29":0,"30":0,"31":0,"32":0,"33":0,"34":0,"35":0,"36":0,"37":0,"38":0,"39":0,"40":0,"41":0,"42":0,"43":0,"44":0,"45":0,"46":0,"47":0,"48":0,"49":0,"50":0,"51":0,"52":0,"53":0,"54":0,"55":0,"56":0,"57":0,"58":0,"59":0,"60":0,"61":0,"62":0,"63":0,"64":0,"65":0,"66":0,"67":0,"68":0,"69":0,"70":0,"71":0,"72":0,"73":0,"74":0,"75":0,"76":0,"77":0,"78":0,"79":0,"80":0,"81":0,"82":0,"83":0,"84":0,"85":0,"86":0,"87":0,"88":0,"89":0,"90":0},"f":{"0":0,"1":0,"2":0,"3":0,"4":0,"5":0,"6":0,"7":0,"8":0,"9":0,"10":0,"11":0,"12":0,"13":0,"14":0,"15":0,"16":0},"b":{"0":[0],"1":[0],"2":[0],"3":[0,0],"4":[0],"5":[0,0],"6":[0,0],"7":[0],"8":[0],"9":[0],"10":[0],"11":[0],"12":[0],"13":[0],"14":[0,0],"15":[0,0],"16":[0,0],"17":[0,0],"18":[0,0],"19":[0,0],"20":[0,0],"21":[0,0],"22":[0,0],"23":[0,0],"24":[0,0],"25":[0,0],"26":[0,0],"27":[0,0],"28":[0,0],"29":[0,0],"30":[0,0],"31":[0,0],"32":[0,0],"33":[0,0]}}
,"D:\\Documents\\pubs-tagram\\src\\screens\\AuthScreen.tsx": {"path":"D:\\Documents\\pubs-tagram\\src\\screens\\AuthScreen.tsx","statementMap":{"0":{"start":{"line":1,"column":0},"end":{"line":1,"column":40}},"1":{"start":{"line":2,"column":0},"end":{"line":2,"column":null}},"2":{"start":{"line":14,"column":0},"end":{"line":14,"column":50}},"3":{"start":{"line":16,"column":19},"end":{"line":120,"column":1}},"4":{"start":{"line":17,"column":29},"end":{"line":17,"column":38}},"5":{"start":{"line":18,"column":28},"end":{"line":18,"column":40}},"6":{"start":{"line":19,"column":34},"end":{"line":19,"column":46}},"7":{"start":{"line":20,"column":40},"end":{"line":20,"column":52}},"8":{"start":{"line":21,"column":34},"end":{"line":21,"column":49}},"9":{"start":{"line":22,"column":32},"end":{"line":22,"column":47}},"10":{"start":{"line":24,"column":21},"end":{"line":47,"column":3}},"11":{"start":{"line":25,"column":4},"end":{"line":28,"column":5}},"12":{"start":{"line":26,"column":6},"end":{"line":26,"column":62}},"13":{"start":{"line":27,"column":6},"end":{"line":27,"column":13}},"14":{"start":{"line":30,"column":4},"end":{"line":33,"column":5}},"15":{"start":{"line":31,"column":6},"end":{"line":31,"column":54}},"16":{"start":{"line":32,"column":6},"end":{"line":32,"column":13}},"17":{"start":{"line":35,"column":4},"end":{"line":35,"column":21}},"18":{"start":{"line":36,"column":4},"end":{"line":46,"column":5}},"19":{"start":{"line":37,"column":6},"end":{"line":41,"column":7}},"20":{"start":{"line":38,"column":8},"end":{"line":38,"column":51}},"21":{"start":{"line":40,"column":8},"end":{"line":40,"column":38}},"22":{"start":{"line":43,"column":6},"end":{"line":43,"column":42}},"23":{"start":{"line":45,"column":6},"end":{"line":45,"column":24}},"24":{"start":{"line":49,"column":2},"end":{"line":119,"column":4}},"25":{"start":{"line":106,"column":29},"end":{"line":106,"column":51}},"26":{"start":{"line":122,"column":15},"end":{"line":183,"column":2}},"27":{"start":{"line":185,"column":0},"end":{"line":185,"column":26}}},"fnMap":{"0":{"name":"(anonymous_9)","decl":{"start":{"line":16,"column":19},"end":{"line":16,"column":22}},"loc":{"start":{"line":16,"column":24},"end":{"line":120,"column":1}}},"1":{"name":"(anonymous_10)","decl":{"start":{"line":24,"column":21},"end":{"line":24,"column":26}},"loc":{"start":{"line":24,"column":32},"end":{"line":47,"column":3}}},"2":{"name":"(anonymous_11)","decl":{"start":{"line":106,"column":23},"end":{"line":106,"column":26}},"loc":{"start":{"line":106,"column":29},"end":{"line":106,"column":51}}}},"branchMap":{"0":{"loc":{"start":{"line":25,"column":4},"end":{"line":28,"column":5}},"type":"if","locations":[{"start":{"line":25,"column":4},"end":{"line":28,"column":5}}]},"1":{"loc":{"start":{"line":25,"column":8},"end":{"line":25,"column":27}},"type":"binary-expr","locations":[{"start":{"line":25,"column":8},"end":{"line":25,"column":14}},{"start":{"line":25,"column":18},"end":{"line":25,"column":27}}]},"2":{"loc":{"start":{"line":30,"column":4},"end":{"line":33,"column":5}},"type":"if","locations":[{"start":{"line":30,"column":4},"end":{"line":33,"column":5}}]},"3":{"loc":{"start":{"line":30,"column":8},"end":{"line":30,"column":32}},"type":"binary-expr","locations":[{"start":{"line":30,"column":8},"end":{"line":30,"column":16}},{"start":{"line":30,"column":20},"end":{"line":30,"column":32}}]},"4":{"loc":{"start":{"line":37,"column":6},"end":{"line":41,"column":7}},"type":"if","locations":[{"start":{"line":37,"column":6},"end":{"line":41,"column":7}},{"start":{"line":39,"column":13},"end":{"line":41,"column":7}}]},"5":{"loc":{"start":{"line":53,"column":18},"end":{"line":53,"column":62}},"type":"cond-expr","locations":[{"start":{"line":53,"column":42},"end":{"line":53,"column":51}},{"start":{"line":53,"column":54},"end":{"line":53,"column":62}}]},"6":{"loc":{"start":{"line":71,"column":13},"end":{"line":79,"column":null}},"type":"binary-expr","locations":[{"start":{"line":71,"column":13},"end":{"line":71,"column":21}},{"start":{"line":72,"column":14},"end":{"line":78,"column":null}}]},"7":{"loc":{"start":{"line":96,"column":15},"end":{"line":101,"column":null}},"type":"cond-expr","locations":[{"start":{"line":97,"column":16},"end":{"line":97,"column":53}},{"start":{"line":99,"column":16},"end":{"line":100,"column":null}}]},"8":{"loc":{"start":{"line":100,"column":19},"end":{"line":100,"column":51}},"type":"cond-expr","locations":[{"start":{"line":100,"column":30},"end":{"line":100,"column":39}},{"start":{"line":100,"column":42},"end":{"line":100,"column":51}}]},"9":{"loc":{"start":{"line":110,"column":17},"end":{"line":112,"column":52}},"type":"cond-expr","locations":[{"start":{"line":111,"column":20},"end":{"line":111,"column":54}},{"start":{"line":112,"column":20},"end":{"line":112,"column":52}}]}},"s":{"0":0,"1":0,"2":0,"3":0,"4":0,"5":0,"6":0,"7":0,"8":0,"9":0,"10":0,"11":0,"12":0,"13":0,"14":0,"15":0,"16":0,"17":0,"18":0,"19":0,"20":0,"21":0,"22":0,"23":0,"24":0,"25":0,"26":0,"27":0},"f":{"0":0,"1":0,"2":0},"b":{"0":[0],"1":[0,0],"2":[0],"3":[0,0],"4":[0,0],"5":[0,0],"6":[0,0],"7":[0,0],"8":[0,0],"9":[0,0]}}
,"D:\\Documents\\pubs-tagram\\src\\screens\\DiscoverScreen.tsx": {"path":"D:\\Documents\\pubs-tagram\\src\\screens\\DiscoverScreen.tsx","statementMap":{"0":{"start":{"line":1,"column":0},"end":{"line":1,"column":51}},"1":{"start":{"line":2,"column":0},"end":{"line":2,"column":null}},"2":{"start":{"line":13,"column":0},"end":{"line":13,"column":57}},"3":{"start":{"line":16,"column":0},"end":{"line":16,"column":100}},"4":{"start":{"line":17,"column":0},"end":{"line":17,"column":50}},"5":{"start":{"line":25,"column":40},"end":{"line":163,"column":1}},"6":{"start":{"line":26,"column":21},"end":{"line":26,"column":60}},"7":{"start":{"line":27,"column":19},"end":{"line":27,"column":28}},"8":{"start":{"line":29,"column":46},"end":{"line":29,"column":81}},"9":{"start":{"line":30,"column":32},"end":{"line":30,"column":47}},"10":{"start":{"line":31,"column":38},"end":{"line":31,"column":53}},"11":{"start":{"line":32,"column":42},"end":{"line":32,"column":79}},"12":{"start":{"line":34,"column":2},"end":{"line":36,"column":9}},"13":{"start":{"line":35,"column":4},"end":{"line":35,"column":25}},"14":{"start":{"line":38,"column":29},"end":{"line":56,"column":3}},"15":{"start":{"line":39,"column":4},"end":{"line":39,"column":27}},"16":{"start":{"line":39,"column":20},"end":{"line":39,"column":27}},"17":{"start":{"line":40,"column":4},"end":{"line":55,"column":5}},"18":{"start":{"line":41,"column":6},"end":{"line":41,"column":23}},"19":{"start":{"line":42,"column":20},"end":{"line":42,"column":57}},"20":{"start":{"line":45,"column":49},"end":{"line":45,"column":51}},"21":{"start":{"line":46,"column":6},"end":{"line":48,"column":7}},"22":{"start":{"line":47,"column":8},"end":{"line":47,"column":62}},"23":{"start":{"line":49,"column":6},"end":{"line":49,"column":33}},"24":{"start":{"line":50,"column":6},"end":{"line":50,"column":31}},"25":{"start":{"line":52,"column":6},"end":{"line":52,"column":61}},"26":{"start":{"line":54,"column":6},"end":{"line":54,"column":24}},"27":{"start":{"line":58,"column":20},"end":{"line":62,"column":3}},"28":{"start":{"line":59,"column":4},"end":{"line":59,"column":24}},"29":{"start":{"line":60,"column":4},"end":{"line":60,"column":31}},"30":{"start":{"line":61,"column":4},"end":{"line":61,"column":25}},"31":{"start":{"line":64,"column":29},"end":{"line":84,"column":3}},"32":{"start":{"line":65,"column":4},"end":{"line":65,"column":27}},"33":{"start":{"line":65,"column":20},"end":{"line":65,"column":27}},"34":{"start":{"line":67,"column":4},"end":{"line":83,"column":5}},"35":{"start":{"line":68,"column":35},"end":{"line":68,"column":55}},"36":{"start":{"line":70,"column":6},"end":{"line":74,"column":7}},"37":{"start":{"line":71,"column":8},"end":{"line":71,"column":45}},"38":{"start":{"line":73,"column":8},"end":{"line":73,"column":43}},"39":{"start":{"line":77,"column":6},"end":{"line":80,"column":10}},"40":{"start":{"line":77,"column":31},"end":{"line":80,"column":8}},"41":{"start":{"line":82,"column":6},"end":{"line":82,"column":53}},"42":{"start":{"line":86,"column":25},"end":{"line":132,"column":3}},"43":{"start":{"line":87,"column":33},"end":{"line":87,"column":64}},"44":{"start":{"line":89,"column":4},"end":{"line":131,"column":6}},"45":{"start":{"line":93,"column":25},"end":{"line":93,"column":81}},"46":{"start":{"line":119,"column":25},"end":{"line":119,"column":53}},"47":{"start":{"line":134,"column":2},"end":{"line":142,"column":3}},"48":{"start":{"line":135,"column":4},"end":{"line":141,"column":6}},"49":{"start":{"line":144,"column":2},"end":{"line":162,"column":4}},"50":{"start":{"line":154,"column":32},"end":{"line":154,"column":40}},"51":{"start":{"line":25,"column":13},"end":{"line":25,"column":40}},"52":{"start":{"line":165,"column":15},"end":{"line":279,"column":2}}},"fnMap":{"0":{"name":"(anonymous_9)","decl":{"start":{"line":25,"column":40},"end":{"line":25,"column":43}},"loc":{"start":{"line":25,"column":45},"end":{"line":163,"column":1}}},"1":{"name":"(anonymous_10)","decl":{"start":{"line":34,"column":12},"end":{"line":34,"column":15}},"loc":{"start":{"line":34,"column":17},"end":{"line":36,"column":3}}},"2":{"name":"(anonymous_11)","decl":{"start":{"line":38,"column":29},"end":{"line":38,"column":34}},"loc":{"start":{"line":38,"column":40},"end":{"line":56,"column":3}}},"3":{"name":"(anonymous_12)","decl":{"start":{"line":58,"column":20},"end":{"line":58,"column":25}},"loc":{"start":{"line":58,"column":31},"end":{"line":62,"column":3}}},"4":{"name":"(anonymous_13)","decl":{"start":{"line":64,"column":29},"end":{"line":64,"column":34}},"loc":{"start":{"line":64,"column":54},"end":{"line":84,"column":3}}},"5":{"name":"(anonymous_14)","decl":{"start":{"line":77,"column":22},"end":{"line":77,"column":26}},"loc":{"start":{"line":77,"column":31},"end":{"line":80,"column":8}}},"6":{"name":"(anonymous_15)","decl":{"start":{"line":86,"column":25},"end":{"line":86,"column":26}},"loc":{"start":{"line":86,"column":69},"end":{"line":132,"column":3}}},"7":{"name":"(anonymous_16)","decl":{"start":{"line":93,"column":19},"end":{"line":93,"column":22}},"loc":{"start":{"line":93,"column":25},"end":{"line":93,"column":81}}},"8":{"name":"(anonymous_17)","decl":{"start":{"line":119,"column":19},"end":{"line":119,"column":22}},"loc":{"start":{"line":119,"column":25},"end":{"line":119,"column":53}}},"9":{"name":"(anonymous_18)","decl":{"start":{"line":154,"column":24},"end":{"line":154,"column":28}},"loc":{"start":{"line":154,"column":32},"end":{"line":154,"column":40}}}},"branchMap":{"0":{"loc":{"start":{"line":39,"column":4},"end":{"line":39,"column":27}},"type":"if","locations":[{"start":{"line":39,"column":4},"end":{"line":39,"column":27}}]},"1":{"loc":{"start":{"line":65,"column":4},"end":{"line":65,"column":27}},"type":"if","locations":[{"start":{"line":65,"column":4},"end":{"line":65,"column":27}}]},"2":{"loc":{"start":{"line":70,"column":6},"end":{"line":74,"column":7}},"type":"if","locations":[{"start":{"line":70,"column":6},"end":{"line":74,"column":7}},{"start":{"line":72,"column":13},"end":{"line":74,"column":7}}]},"3":{"loc":{"start":{"line":87,"column":33},"end":{"line":87,"column":64}},"type":"binary-expr","locations":[{"start":{"line":87,"column":33},"end":{"line":87,"column":55}},{"start":{"line":87,"column":59},"end":{"line":87,"column":64}}]},"4":{"loc":{"start":{"line":96,"column":11},"end":{"line":106,"column":null}},"type":"cond-expr","locations":[{"start":{"line":97,"column":12},"end":{"line":99,"column":null}},{"start":{"line":102,"column":12},"end":{"line":105,"column":null}}]},"5":{"loc":{"start":{"line":110,"column":13},"end":{"line":110,"column":85}},"type":"binary-expr","locations":[{"start":{"line":110,"column":13},"end":{"line":110,"column":21}},{"start":{"line":110,"column":25},"end":{"line":110,"column":85}}]},"6":{"loc":{"start":{"line":117,"column":12},"end":{"line":117,"column":57}},"type":"binary-expr","locations":[{"start":{"line":117,"column":12},"end":{"line":117,"column":32}},{"start":{"line":117,"column":36},"end":{"line":117,"column":57}}]},"7":{"loc":{"start":{"line":124,"column":14},"end":{"line":124,"column":63}},"type":"binary-expr","locations":[{"start":{"line":124,"column":14},"end":{"line":124,"column":34}},{"start":{"line":124,"column":38},"end":{"line":124,"column":63}}]},"8":{"loc":{"start":{"line":127,"column":13},"end":{"line":127,"column":58}},"type":"cond-expr","locations":[{"start":{"line":127,"column":36},"end":{"line":127,"column":47}},{"start":{"line":127,"column":50},"end":{"line":127,"column":58}}]},"9":{"loc":{"start":{"line":134,"column":2},"end":{"line":142,"column":3}},"type":"if","locations":[{"start":{"line":134,"column":2},"end":{"line":142,"column":3}}]},"10":{"loc":{"start":{"line":146,"column":7},"end":{"line":159,"column":null}},"type":"cond-expr","locations":[{"start":{"line":147,"column":8},"end":{"line":148,"column":null}},{"start":{"line":151,"column":8},"end":{"line":157,"column":null}}]}},"s":{"0":0,"1":0,"2":0,"3":0,"4":0,"5":0,"6":0,"7":0,"8":0,"9":0,"10":0,"11":0,"12":0,"13":0,"14":0,"15":0,"16":0,"17":0,"18":0,"19":0,"20":0,"21":0,"22":0,"23":0,"24":0,"25":0,"26":0,"27":0,"28":0,"29":0,"30":0,"31":0,"32":0,"33":0,"34":0,"35":0,"36":0,"37":0,"38":0,"39":0,"40":0,"41":0,"42":0,"43":0,"44":0,"45":0,"46":0,"47":0,"48":0,"49":0,"50":0,"51":0,"52":0},"f":{"0":0,"1":0,"2":0,"3":0,"4":0,"5":0,"6":0,"7":0,"8":0,"9":0},"b":{"0":[0],"1":[0],"2":[0,0],"3":[0,0],"4":[0,0],"5":[0,0],"6":[0,0],"7":[0,0],"8":[0,0],"9":[0],"10":[0,0]}}
[...]
"77":{"start":{"line":201,"column":2},"end":{"line":213,"column":3}},"78":{"start":{"line":203,"column":22},"end":{"line":203,"column":52}},"79":{"start":{"line":205,"column":4},"end":{"line":209,"column":7}},"80":{"start":{"line":211,"column":4},"end":{"line":211,"column":50}},"81":{"start":{"line":212,"column":4},"end":{"line":212,"column":16}},"82":{"start":{"line":200,"column":13},"end":{"line":200,"column":26}},"83":{"start":{"line":219,"column":28},"end":{"line":237,"column":1}},"84":{"start":{"line":220,"column":2},"end":{"line":236,"column":3}},"85":{"start":{"line":222,"column":14},"end":{"line":225,"column":null}},"86":{"start":{"line":228,"column":21},"end":{"line":228,"column":37}},"87":{"start":{"line":230,"column":4},"end":{"line":232,"column":5}},"88":{"start":{"line":231,"column":6},"end":{"line":231,"column":31}},"89":{"start":{"line":234,"column":4},"end":{"line":234,"column":52}},"90":{"start":{"line":235,"column":4},"end":{"line":235,"column":16}},"91":{"start":{"line":219,"column":13},"end":{"line":219,"column":28}},"92":{"start":{"line":242,"column":27},"end":{"line":256,"column":1}},"93":{"start":{"line":243,"column":2},"end":{"line":255,"column":3}},"94":{"start":{"line":244,"column":14},"end":{"line":247,"column":null}},"95":{"start":{"line":250,"column":21},"end":{"line":250,"column":37}},"96":{"start":{"line":251,"column":4},"end":{"line":251,"column":36}},"97":{"start":{"line":253,"column":4},"end":{"line":253,"column":58}},"98":{"start":{"line":254,"column":4},"end":{"line":254,"column":17}},"99":{"start":{"line":242,"column":13},"end":{"line":242,"column":27}},"100":{"start":{"line":261,"column":33},"end":{"line":274,"column":1}},"101":{"start":{"line":262,"column":2},"end":{"line":273,"column":3}},"102":{"start":{"line":263,"column":14},"end":{"line":265,"column":null}},"103":{"start":{"line":268,"column":21},"end":{"line":268,"column":37}},"104":{"start":{"line":269,"column":4},"end":{"line":269,"column":32}},"105":{"start":{"line":271,"column":4},"end":{"line":271,"column":59}},"106":{"start":{"line":272,"column":4},"end":{"line":272,"column":13}},"107":{"start":{"line":261,"column":13},"end":{"line":261,"column":33}},"108":{"start":{"line":279,"column":33},"end":{"line":292,"column":1}},"109":{"start":{"line":280,"column":2},"end":{"line":291,"column":3}},"110":{"start":{"line":281,"column":14},"end":{"line":283,"column":null}},"111":{"start":{"line":286,"column":21},"end":{"line":286,"column":37}},"112":{"start":{"line":287,"column":4},"end":{"line":287,"column":32}},"113":{"start":{"line":289,"column":4},"end":{"line":289,"column":59}},"114":{"start":{"line":290,"column":4},"end":{"line":290,"column":13}},"115":{"start":{"line":279,"column":13},"end":{"line":279,"column":33}},"116":{"start":{"line":297,"column":32},"end":{"line":321,"column":1}},"117":{"start":{"line":298,"column":2},"end":{"line":320,"column":3}},"118":{"start":{"line":299,"column":14},"end":{"line":301,"column":null}},"119":{"start":{"line":304,"column":21},"end":{"line":304,"column":37}},"120":{"start":{"line":305,"column":24},"end":{"line":305,"column":69}},"121":{"start":{"line":305,"column":49},"end":{"line":305,"column":68}},"122":{"start":{"line":308,"column":36},"end":{"line":308,"column":38}},"123":{"start":{"line":309,"column":4},"end":{"line":314,"column":5}},"124":{"start":{"line":310,"column":22},"end":{"line":310,"column":54}},"125":{"start":{"line":311,"column":6},"end":{"line":313,"column":7}},"126":{"start":{"line":312,"column":8},"end":{"line":312,"column":31}},"127":{"start":{"line":316,"column":4},"end":{"line":316,"column":20}},"128":{"start":{"line":318,"column":4},"end":{"line":318,"column":58}},"129":{"start":{"line":319,"column":4},"end":{"line":319,"column":14}},"130":{"start":{"line":297,"column":13},"end":{"line":297,"column":32}},"131":{"start":{"line":326,"column":32},"end":{"line":350,"column":1}},"132":{"start":{"line":327,"column":2},"end":{"line":349,"column":3}},"133":{"start":{"line":328,"column":14},"end":{"line":330,"column":null}},"134":{"start":{"line":333,"column":21},"end":{"line":333,"column":37}},"135":{"start":{"line":334,"column":25},"end":{"line":334,"column":71}},"136":{"start":{"line":334,"column":50},"end":{"line":334,"column":70}},"137":{"start":{"line":337,"column":36},"end":{"line":337,"column":38}},"138":{"start":{"line":338,"column":4},"end":{"line":343,"column":5}},"139":{"start":{"line":339,"column":22},"end":{"line":339,"column":55}},"140":{"start":{"line":340,"column":6},"end":{"line":342,"column":7}},"141":{"start":{"line":341,"column":8},"end":{"line":341,"column":31}},"142":{"start":{"line":345,"column":4},"end":{"line":345,"column":20}},"143":{"start":{"line":347,"column":4},"end":{"line":347,"column":58}},"144":{"start":{"line":348,"column":4},"end":{"line":348,"column":14}},"145":{"start":{"line":326,"column":13},"end":{"line":326,"column":32}},"146":{"start":{"line":355,"column":33},"end":{"line":397,"column":1}},"147":{"start":{"line":356,"column":2},"end":{"line":396,"column":3}},"148":{"start":{"line":357,"column":4},"end":{"line":357,"column":63}},"149":{"start":{"line":360,"column":26},"end":{"line":362,"column":null}},"150":{"start":{"line":365,"column":29},"end":{"line":365,"column":57}},"151":{"start":{"line":366,"column":21},"end":{"line":366,"column":80}},"152":{"start":{"line":366,"column":54},"end":{"line":366,"column":79}},"153":{"start":{"line":367,"column":4},"end":{"line":367,"column":102}},"154":{"start":{"line":367,"column":56},"end":{"line":367,"column":98}},"155":{"start":{"line":370,"column":27},"end":{"line":372,"column":null}},"156":{"start":{"line":375,"column":30},"end":{"line":375,"column":59}},"157":{"start":{"line":376,"column":25},"end":{"line":376,"column":89}},"158":{"start":{"line":376,"column":67},"end":{"line":376,"column":87}},"159":{"start":{"line":377,"column":4},"end":{"line":377,"column":66}},"160":{"start":{"line":380,"column":22},"end":{"line":386,"column":null}},"161":{"start":{"line":382,"column":29},"end":{"line":382,"column":55}},"162":{"start":{"line":383,"column":31},"end":{"line":383,"column":58}},"163":{"start":{"line":384,"column":8},"end":{"line":384,"column":126}},"164":{"start":{"line":385,"column":8},"end":{"line":385,"column":46}},"165":{"start":{"line":389,"column":4},"end":{"line":389,"column":115}},"166":{"start":{"line":389,"column":69},"end":{"line":389,"column":111}},"167":{"start":{"line":392,"column":4},"end":{"line":392,"column":69}},"168":{"start":{"line":392,"column":32},"end":{"line":392,"column":51}},"169":{"start":{"line":394,"column":4},"end":{"line":394,"column":59}},"170":{"start":{"line":395,"column":4},"end":{"line":395,"column":14}},"171":{"start":{"line":355,"column":13},"end":{"line":355,"column":33}}},"fnMap":{"0":{"name":"(anonymous_0)","decl":{"start":{"line":21,"column":33},"end":{"line":21,"column":38}},"loc":{"start":{"line":21,"column":113},"end":{"line":39,"column":1}}},"1":{"name":"(anonymous_1)","decl":{"start":{"line":44,"column":30},"end":{"line":44,"column":35}},"loc":{"start":{"line":44,"column":81},"end":{"line":58,"column":1}}},"2":{"name":"(anonymous_2)","decl":{"start":{"line":63,"column":37},"end":{"line":63,"column":42}},"loc":{"start":{"line":63,"column":88},"end":{"line":65,"column":1}}},"3":{"name":"(anonymous_3)","decl":{"start":{"line":70,"column":33},"end":{"line":70,"column":38}},"loc":{"start":{"line":73,"column":19},"end":{"line":85,"column":1}}},"4":{"name":"(anonymous_4)","decl":{"start":{"line":90,"column":36},"end":{"line":90,"column":41}},"loc":{"start":{"line":90,"column":92},"end":{"line":120,"column":1}}},"5":{"name":"(anonymous_5)","decl":{"start":{"line":125,"column":36},"end":{"line":125,"column":41}},"loc":{"start":{"line":125,"column":73},"end":{"line":138,"column":1}}},"6":{"name":"(anonymous_6)","decl":{"start":{"line":143,"column":27},"end":{"line":143,"column":32}},"loc":{"start":{"line":143,"column":100},"end":{"line":164,"column":1}}},"7":{"name":"(anonymous_7)","decl":{"start":{"line":152,"column":36},"end":{"line":152,"column":39}},"loc":{"start":{"line":152,"column":43},"end":{"line":152,"column":68}}},"8":{"name":"(anonymous_8)","decl":{"start":{"line":156,"column":14},"end":{"line":156,"column":18}},"loc":{"start":{"line":157,"column":8},"end":{"line":157,"column":73}}},"9":{"name":"(anonymous_9)","decl":{"start":{"line":169,"column":33},"end":{"line":169,"column":38}},"loc":{"start":{"line":169,"column":73},"end":{"line":178,"column":1}}},"10":{"name":"(anonymous_10)","decl":{"start":{"line":183,"column":33},"end":{"line":183,"column":38}},"loc":{"start":{"line":183,"column":86},"end":{"line":196,"column":1}}},"11":{"name":"(anonymous_11)","decl":{"start":{"line":191,"column":29},"end":{"line":191,"column":32}},"loc":{"start":{"line":191,"column":36},"end":{"line":191,"column":61}}},"12":{"name":"(anonymous_12)","decl":{"start":{"line":200,"column":26},"end":{"line":200,"column":31}},"loc":{"start":{"line":200,"column":95},"end":{"line":214,"column":1}}},"13":{"name":"(anonymous_13)","decl":{"start":{"line":219,"column":28},"end":{"line":219,"column":33}},"loc":{"start":{"line":219,"column":97},"end":{"line":237,"column":1}}},"14":{"name":"(anonymous_14)","decl":{"start":{"line":242,"column":27},"end":{"line":242,"column":32}},"loc":{"start":{"line":242,"column":99},"end":{"line":256,"column":1}}},"15":{"name":"(anonymous_15)","decl":{"start":{"line":261,"column":33},"end":{"line":261,"column":38}},"loc":{"start":{"line":261,"column":75},"end":{"line":274,"column":1}}},"16":{"name":"(anonymous_16)","decl":{"start":{"line":279,"column":33},"end":{"line":279,"column":38}},"loc":{"start":{"line":279,"column":75},"end":{"line":292,"column":1}}},"17":{"name":"(anonymous_17)","decl":{"start":{"line":297,"column":32},"end":{"line":297,"column":37}},"loc":{"start":{"line":297,"column":81},"end":{"line":321,"column":1}}},"18":{"name":"(anonymous_18)","decl":{"start":{"line":305,"column":42},"end":{"line":305,"column":45}},"loc":{"start":{"line":305,"column":49},"end":{"line":305,"column":68}}},"19":{"name":"(anonymous_19)","decl":{"start":{"line":326,"column":32},"end":{"line":326,"column":37}},"loc":{"start":{"line":326,"column":81},"end":{"line":350,"column":1}}},"20":{"name":"(anonymous_20)","decl":{"start":{"line":334,"column":43},"end":{"line":334,"column":46}},"loc":{"start":{"line":334,"column":50},"end":{"line":334,"column":70}}},"21":{"name":"(anonymous_21)","decl":{"start":{"line":355,"column":33},"end":{"line":355,"column":38}},"loc":{"start":{"line":355,"column":109},"end":{"line":397,"column":1}}},"22":{"name":"(anonymous_22)","decl":{"start":{"line":366,"column":47},"end":{"line":366,"column":50}},"loc":{"start":{"line":366,"column":54},"end":{"line":366,"column":79}}},"23":{"name":"(anonymous_23)","decl":{"start":{"line":367,"column":50},"end":{"line":367,"column":51}},"loc":{"start":{"line":367,"column":56},"end":{"line":367,"column":98}}},"24":{"name":"(anonymous_24)","decl":{"start":{"line":376,"column":60},"end":{"line":376,"column":63}},"loc":{"start":{"line":376,"column":67},"end":{"line":376,"column":87}}},"25":{"name":"(anonymous_25)","decl":{"start":{"line":381,"column":6},"end":{"line":381,"column":10}},"loc":{"start":{"line":381,"column":13},"end":{"line":386,"column":7}}},"26":{"name":"(anonymous_26)","decl":{"start":{"line":389,"column":63},"end":{"line":389,"column":64}},"loc":{"start":{"line":389,"column":69},"end":{"line":389,"column":111}}},"27":{"name":"(anonymous_27)","decl":{"start":{"line":392,"column":26},"end":{"line":392,"column":29}},"loc":{"start":{"line":392,"column":32},"end":{"line":392,"column":51}}}},"branchMap":{"0":{"loc":{"start":{"line":49,"column":4},"end":{"line":51,"column":5}},"type":"if","locations":[{"start":{"line":49,"column":4},"end":{"line":51,"column":5}}]},"1":{"loc":{"start":{"line":96,"column":4},"end":{"line":113,"column":5}},"type":"if","locations":[{"start":{"line":96,"column":4},"end":{"line":113,"column":5}},{"start":{"line":108,"column":11},"end":{"line":113,"column":5}}]},"2":{"loc":{"start":{"line":143,"column":54},"end":{"line":143,"column":72}},"type":"default-arg","locations":[{"start":{"line":143,"column":70},"end":{"line":143,"column":72}}]},"3":{"loc":{"start":{"line":183,"column":40},"end":{"line":183,"column":58}},"type":"default-arg","locations":[{"start":{"line":183,"column":56},"end":{"line":183,"column":58}}]},"4":{"loc":{"start":{"line":311,"column":6},"end":{"line":313,"column":7}},"type":"if","locations":[{"start":{"line":311,"column":6},"end":{"line":313,"column":7}}]},"5":{"loc":{"start":{"line":340,"column":6},"end":{"line":342,"column":7}},"type":"if","locations":[{"start":{"line":340,"column":6},"end":{"line":342,"column":7}}]},"6":{"loc":{"start":{"line":355,"column":63},"end":{"line":355,"column":81}},"type":"default-arg","locations":[{"start":{"line":355,"column":79},"end":{"line":355,"column":81}}]},"7":{"loc":{"start":{"line":385,"column":15},"end":{"line":385,"column":45}},"type":"binary-expr","locations":[{"start":{"line":385,"column":15},"end":{"line":385,"column":27}},{"start":{"line":385,"column":31},"end":{"line":385,"column":45}}]}},"s":{"0":1,"1":1,"2":1,"3":1,"4":0,"5":0,"6":0,"7":0,"8":1,"9":1,"10":0,"11":0,"12":0,"13":0,"14":0,"15":0,"16":0,"17":0,"18":1,"19":1,"20":0,"21":1,"22":1,"23":0,"24":0,"25":0,"26":0,"27":0,"28":1,"29":1,"30":0,"31":0,"32":0,"33":0,"34":0,"35":0,"36":0,"37":0,"38":0,"39":1,"40":1,"41":0,"42":0,"43":0,"44":0,"45":0,"46":0,"47":1,"48":1,"49":0,"50":0,"51":0,"52":0,"53":0,"54":0,"55":0,"56":0,"57":0,"58":1,"59":1,"60":0,"61":0,"62":0,"63":0,"64":0,"65":0,"66":1,"67":1,"68":0,"69":0,"70":0,"71":0,"72":0,"73":0,"74":0,"75":1,"76":1,"77":0,"78":0,"79":0,"80":0,"81":0,"82":1,"83":1,"84":0,"85":0,"86":0,"87":0,"88":0,"89":0,"90":0,"91":1,"92":1,"93":0,"94":0,"95":0,"96":0,"97":0,"98":0,"99":1,"100":1,"101":0,"102":0,"103":0,"104":0,"105":0,"106":0,"107":1,"108":1,"109":0,"110":0,"111":0,"112":0,"113":0,"114":0,"115":1,"116":1,"117":0,"118":0,"119":0,"120":0,"121":0,"122":0,"123":0,"124":0,"125":0,"126":0,"127":0,"128":0,"129":0,"130":1,"131":1,"132":0,"133":0,"134":0,"135":0,"136":0,"137":0,"138":0,"139":0,"140":0,"141":0,"142":0,"143":0,"144":0,"145":1,"146":1,"147":0,"148":0,"149":0,"150":0,"151":0,"152":0,"153":0,"154":0,"155":0,"156":0,"157":0,"158":0,"159":0,"160":0,"161":0,"162":0,"163":0,"164":0,"165":0,"166":0,"167":0,"168":0,"169":0,"170":0,"171":1},"f":{"0":0,"1":0,"2":0,"3":0,"4":0,"5":0,"6":0,"7":0,"8":0,"9":0,"10":0,"11":0,"12":0,"13":0,"14":0,"15":0,"16":0,"17":0,"18":0,"19":0,"20":0,"21":0,"22":0,"23":0,"24":0,"25":0,"26":0,"27":0},"b":{"0":[0],"1":[0,0],"2":[0],"3":[0],"4":[0],"5":[0],"6":[0],"7":[0,0]}}
,"D:\\Documents\\pubs-tagram\\src\\utils\\imageHelpers.ts": {"path":"D:\\Documents\\pubs-tagram\\src\\utils\\imageHelpers.ts","statementMap":{"0":{"start":{"line":1,"column":0},"end":{"line":1,"column":49}},"1":{"start":{"line":2,"column":0},"end":{"line":2,"column":59}},"2":{"start":{"line":11,"column":39},"end":{"line":14,"column":1}},"3":{"start":{"line":12,"column":21},"end":{"line":12,"column":70}},"4":{"start":{"line":13,"column":2},"end":{"line":13,"column":30}},"5":{"start":{"line":11,"column":13},"end":{"line":11,"column":39}},"6":{"start":{"line":17,"column":45},"end":{"line":20,"column":1}},"7":{"start":{"line":18,"column":21},"end":{"line":18,"column":76}},"8":{"start":{"line":19,"column":2},"end":{"line":19,"column":30}},"9":{"start":{"line":17,"column":13},"end":{"line":17,"column":45}},"10":{"start":{"line":23,"column":35},"end":{"line":44,"column":1}},"11":{"start":{"line":24,"column":24},"end":{"line":24,"column":55}},"12":{"start":{"line":25,"column":2},"end":{"line":27,"column":3}},"13":{"start":{"line":26,"column":4},"end":{"line":26,"column":16}},"14":{"start":{"line":29,"column":17},"end":{"line":33,"column":4}},"15":{"start":{"line":35,"column":2},"end":{"line":41,"column":3}},"16":{"start":{"line":36,"column":4},"end":{"line":40,"column":6}},"17":{"start":{"line":43,"column":2},"end":{"line":43,"column":14}},"18":{"start":{"line":23,"column":13},"end":{"line":23,"column":35}},"19":{"start":{"line":47,"column":36},"end":{"line":68,"column":1}},"20":{"start":{"line":48,"column":24},"end":{"line":48,"column":61}},"21":{"start":{"line":49,"column":2},"end":{"line":51,"column":3}},"22":{"start":{"line":50,"column":4},"end":{"line":50,"column":16}},"23":{"start":{"line":53,"column":17},"end":{"line":57,"column":4}},"24":{"start":{"line":59,"column":2},"end":{"line":65,"column":3}},"25":{"start":{"line":60,"column":4},"end":{"line":64,"column":6}},"26":{"start":{"line":67,"column":2},"end":{"line":67,"column":14}},"27":{"start":{"line":47,"column":13},"end":{"line":47,"column":36}},"28":{"start":{"line":71,"column":27},"end":{"line":82,"column":1}},"29":{"start":{"line":75,"column":22},"end":{"line":78,"column":null}},"30":{"start":{"line":81,"column":2},"end":{"line":81,"column":25}},"31":{"start":{"line":71,"column":13},"end":{"line":71,"column":27}},"32":{"start":{"line":85,"column":31},"end":{"line":93,"column":1}},"33":{"start":{"line":86,"column":22},"end":{"line":89,"column":null}},"34":{"start":{"line":92,"column":2},"end":{"line":92,"column":25}},"35":{"start":{"line":85,"column":13},"end":{"line":85,"column":31}}},"fnMap":{"0":{"name":"(anonymous_9)","decl":{"start":{"line":11,"column":39},"end":{"line":11,"column":44}},"loc":{"start":{"line":11,"column":68},"end":{"line":14,"column":1}}},"1":{"name":"(anonymous_10)","decl":{"start":{"line":17,"column":45},"end":{"line":17,"column":50}},"loc":{"start":{"line":17,"column":74},"end":{"line":20,"column":1}}},"2":{"name":"(anonymous_11)","decl":{"start":{"line":23,"column":35},"end":{"line":23,"column":40}},"loc":{"start":{"line":23,"column":75},"end":{"line":44,"column":1}}},"3":{"name":"(anonymous_12)","decl":{"start":{"line":47,"column":36},"end":{"line":47,"column":41}},"loc":{"start":{"line":47,"column":76},"end":{"line":68,"column":1}}},"4":{"name":"(anonymous_13)","decl":{"start":{"line":71,"column":27},"end":{"line":71,"column":32}},"loc":{"start":{"line":74,"column":21},"end":{"line":82,"column":1}}},"5":{"name":"(anonymous_14)","decl":{"start":{"line":85,"column":31},"end":{"line":85,"column":36}},"loc":{"start":{"line":85,"column":70},"end":{"line":93,"column":1}}}},"branchMap":{"0":{"loc":{"start":{"line":25,"column":2},"end":{"line":27,"column":3}},"type":"if","locations":[{"start":{"line":25,"column":2},"end":{"line":27,"column":3}}]},"1":{"loc":{"start":{"line":35,"column":2},"end":{"line":41,"column":3}},"type":"if","locations":[{"start":{"line":35,"column":2},"end":{"line":41,"column":3}}]},"2":{"loc":{"start":{"line":35,"column":6},"end":{"line":35,"column":42}},"type":"binary-expr","locations":[{"start":{"line":35,"column":6},"end":{"line":35,"column":22}},{"start":{"line":35,"column":26},"end":{"line":35,"column":42}}]},"3":{"loc":{"start":{"line":49,"column":2},"end":{"line":51,"column":3}},"type":"if","locations":[{"start":{"line":49,"column":2},"end":{"line":51,"column":3}}]},"4":{"loc":{"start":{"line":59,"column":2},"end":{"line":65,"column":3}},"type":"if","locations":[{"start":{"line":59,"column":2},"end":{"line":65,"column":3}}]},"5":{"loc":{"start":{"line":59,"column":6},"end":{"line":59,"column":42}},"type":"binary-expr","locations":[{"start":{"line":59,"column":6},"end":{"line":59,"column":22}},{"start":{"line":59,"column":26},"end":{"line":59,"column":42}}]},"6":{"loc":{"start":{"line":73,"column":2},"end":{"line":73,"column":24}},"type":"default-arg","locations":[{"start":{"line":73,"column":20},"end":{"line":73,"column":24}}]}},"s":{"0":0,"1":0,"2":0,"3":0,"4":0,"5":0,"6":0,"7":0,"8":0,"9":0,"10":0,"11":0,"12":0,"13":0,"14":0,"15":0,"16":0,"17":0,"18":0,"19":0,"20":0,"21":0,"22":0,"23":0,"24":0,"25":0,"26":0,"27":0,"28":0,"29":0,"30":0,"31":0,"32":0,"33":0,"34":0,"35":0},"f":{"0":0,"1":0,"2":0,"3":0,"4":0,"5":0},"b":{"0":[0],"1":[0],"2":[0,0],"3":[0],"4":[0],"5":[0,0],"6":[0]}}
}
