TN:
SF:src\components\BeerGlassRating.tsx
FN:9,(anonymous_1)
FN:15,(anonymous_2)
FN:18,(anonymous_3)
FNF:3
FNH:0
FNDA:0,(anonymous_1)
FNDA:0,(anonymous_2)
FNDA:0,(anonymous_3)
DA:1,0
DA:2,0
DA:9,0
DA:13,0
DA:16,0
DA:18,0
DA:28,0
DA:43,0
LF:8
LH:0
BRDA:21,0,0,0
BRDA:21,0,1,0
BRF:2
BRH:0
end_of_record
TN:
SF:src\components\RatingComponent.tsx
FN:11,(anonymous_1)
FN:19,(anonymous_2)
FN:22,(anonymous_3)
FNF:3
FNH:0
FNDA:0,(anonymous_1)
FNDA:0,(anonymous_2)
FNDA:0,(anonymous_3)
DA:1,0
DA:2,0
DA:11,0
DA:17,0
DA:20,0
DA:22,0
DA:34,0
DA:49,0
LF:8
LH:0
BRDA:15,0,0,0
BRDA:26,1,0,0
BRDA:26,1,1,0
BRF:3
BRH:0
end_of_record
TN:
SF:src\components\Profile\ProfileEditForm.tsx
FN:23,(anonymous_9)
FN:33,(anonymous_10)
FNF:2
FNH:0
FNDA:0,(anonymous_9)
FNDA:0,(anonymous_10)
DA:1,0
DA:2,0
DA:14,0
DA:23,0
DA:29,0
DA:30,0
DA:31,0
DA:33,0
DA:34,0
DA:35,0
DA:36,0
DA:42,0
DA:46,0
DA:48,0
DA:114,0
LF:15
LH:0
BRDA:26,0,0,0
BRDA:46,1,0,0
BRDA:46,1,1,0
BRDA:50,2,0,0
BRDA:50,2,1,0
BRDA:54,3,0,0
BRDA:54,3,1,0
BRDA:68,4,0,0
BRDA:68,4,1,0
BRDA:86,5,0,0
BRDA:86,5,1,0
BRDA:98,6,0,0
BRDA:98,6,1,0
BRDA:98,6,2,0
BRDA:98,6,3,0
BRDA:101,7,0,0
BRDA:101,7,1,0
BRDA:101,7,2,0
BRDA:103,8,0,0
BRDA:103,8,1,0
BRF:20
BRH:0
end_of_record
TN:
SF:src\components\Profile\ProfileHeader.tsx
FN:15,(anonymous_1)
FNF:1
FNH:0
FNDA:0,(anonymous_1)
DA:1,0
DA:2,0
DA:15,0
DA:24,0
DA:25,0
DA:32,0
DA:33,0
DA:40,0
DA:93,0
LF:9
LH:0
BRDA:17,0,0,0
BRDA:18,1,0,0
BRDA:19,2,0,0
BRDA:20,3,0,0
BRDA:24,4,0,0
BRDA:32,5,0,0
BRDA:44,6,0,0
BRDA:44,6,1,0
BRDA:84,7,0,0
BRDA:84,7,1,0
BRDA:87,8,0,0
BRDA:87,8,1,0
BRF:12
BRH:0
end_of_record
TN:
SF:src\components\Profile\ProfilePictureUpload.tsx
FN:20,(anonymous_9)
FN:28,(anonymous_10)
FN:33,(anonymous_11)
FN:38,(anonymous_12)
FN:64,(anonymous_13)
FN:90,(anonymous_14)
FN:97,(anonymous_15)
FN:100,(anonymous_16)
FNF:8
FNH:0
FNDA:0,(anonymous_9)
FNDA:0,(anonymous_10)
FNDA:0,(anonymous_11)
FNDA:0,(anonymous_12)
FNDA:0,(anonymous_13)
FNDA:0,(anonymous_14)
FNDA:0,(anonymous_15)
FNDA:0,(anonymous_16)
DA:1,0
DA:2,0
DA:11,0
DA:20,0
DA:26,0
DA:28,0
DA:29,0
DA:30,0
DA:33,0
DA:34,0
DA:35,0
DA:38,0
DA:39,0
DA:40,0
DA:41,0
DA:42,0
DA:45,0
DA:46,0
DA:52,0
DA:53,0
DA:54,0
DA:57,0
DA:58,0
DA:60,0
DA:64,0
DA:65,0
DA:66,0
DA:67,0
DA:68,0
DA:71,0
DA:72,0
DA:78,0
DA:79,0
DA:80,0
DA:83,0
DA:84,0
DA:86,0
DA:90,0
DA:91,0
DA:93,0
DA:101,0
DA:102,0
DA:103,0
DA:105,0
DA:114,0
DA:115,0
DA:123,0
DA:170,0
LF:48
LH:0
BRDA:24,0,0,0
BRDA:40,1,0,0
BRDA:52,2,0,0
BRDA:52,3,0,0
BRDA:52,3,1,0
BRDA:66,4,0,0
BRDA:78,5,0,0
BRDA:78,6,0,0
BRDA:78,6,1,0
BRDA:91,7,0,0
BRDA:114,8,0,0
BRDA:127,9,0,0
BRDA:127,9,1,0
BRF:13
BRH:0
end_of_record
TN:
SF:src\contexts\AuthContext.tsx
FN:23,(anonymous_9)
FN:24,(anonymous_10)
FN:25,(anonymous_11)
FN:28,(anonymous_12)
FN:30,(anonymous_13)
FN:36,(anonymous_14)
FN:41,(anonymous_15)
FN:51,(anonymous_16)
FN:58,(anonymous_17)
FN:67,(anonymous_18)
FN:81,(anonymous_19)
FN:89,(anonymous_20)
FN:99,(anonymous_21)
FNF:13
FNH:0
FNDA:0,(anonymous_9)
FNDA:0,(anonymous_10)
FNDA:0,(anonymous_11)
FNDA:0,(anonymous_12)
FNDA:0,(anonymous_13)
FNDA:0,(anonymous_14)
FNDA:0,(anonymous_15)
FNDA:0,(anonymous_16)
FNDA:0,(anonymous_17)
FNDA:0,(anonymous_18)
FNDA:0,(anonymous_19)
FNDA:0,(anonymous_20)
FNDA:0,(anonymous_21)
DA:1,0
DA:2,0
DA:9,0
DA:10,0
DA:20,0
DA:28,0
DA:30,0
DA:33,0
DA:34,0
DA:36,0
DA:37,0
DA:41,0
DA:42,0
DA:43,0
DA:44,0
DA:48,0
DA:49,0
DA:52,0
DA:53,0
DA:54,0
DA:55,0
DA:59,0
DA:60,0
DA:61,0
DA:62,0
DA:67,0
DA:68,0
DA:69,0
DA:70,0
DA:73,0
DA:74,0
DA:75,0
DA:76,0
DA:81,0
DA:82,0
DA:83,0
DA:85,0
DA:89,0
DA:90,0
DA:91,0
DA:93,0
DA:95,0
DA:99,0
DA:100,0
DA:101,0
DA:103,0
DA:107,0
LF:47
LH:0
BRDA:42,0,0,0
BRDA:52,1,0,0
BRDA:60,2,0,0
BRDA:74,3,0,0
BRF:4
BRH:0
end_of_record
TN:
SF:src\contexts\UserContext.tsx
FN:25,(anonymous_9)
FN:33,(anonymous_10)
FN:50,(anonymous_11)
FN:73,(anonymous_12)
FN:85,(anonymous_13)
FN:95,(anonymous_14)
FN:107,(anonymous_15)
FN:117,(anonymous_16)
FN:129,(anonymous_17)
FN:139,(anonymous_18)
FN:141,(anonymous_19)
FN:162,(anonymous_20)
FN:168,(anonymous_21)
FN:221,(anonymous_22)
FNF:14
FNH:0
FNDA:0,(anonymous_9)
FNDA:0,(anonymous_10)
FNDA:0,(anonymous_11)
FNDA:0,(anonymous_12)
FNDA:0,(anonymous_13)
FNDA:0,(anonymous_14)
FNDA:0,(anonymous_15)
FNDA:0,(anonymous_16)
FNDA:0,(anonymous_17)
FNDA:0,(anonymous_18)
FNDA:0,(anonymous_19)
FNDA:0,(anonymous_20)
FNDA:0,(anonymous_21)
FNDA:0,(anonymous_22)
DA:1,0
DA:3,0
DA:4,0
DA:23,0
DA:25,0
DA:26,0
DA:27,0
DA:28,0
DA:29,0
DA:30,0
DA:31,0
DA:33,0
DA:34,0
DA:36,0
DA:37,0
DA:38,0
DA:39,0
DA:40,0
DA:42,0
DA:43,0
DA:44,0
DA:46,0
DA:50,0
DA:51,0
DA:52,0
DA:53,0
DA:54,0
DA:55,0
DA:58,0
DA:59,0
DA:60,0
DA:62,0
DA:65,0
DA:66,0
DA:67,0
DA:69,0
DA:73,0
DA:74,0
DA:75,0
DA:78,0
DA:79,0
DA:80,0
DA:82,0
DA:85,0
DA:87,0
DA:88,0
DA:89,0
DA:91,0
DA:95,0
DA:96,0
DA:97,0
DA:100,0
DA:101,0
DA:102,0
DA:104,0
DA:107,0
DA:109,0
DA:110,0
DA:111,0
DA:113,0
DA:117,0
DA:118,0
DA:119,0
DA:122,0
DA:123,0
DA:124,0
DA:126,0
DA:129,0
DA:131,0
DA:132,0
DA:133,0
DA:135,0
DA:139,0
DA:141,0
DA:142,0
DA:143,0
DA:146,0
DA:147,0
DA:148,0
DA:151,0
DA:153,0
DA:155,0
DA:156,0
DA:159,0
DA:160,0
DA:162,0
DA:165,0
DA:166,0
DA:168,0
DA:173,0
DA:174,0
DA:177,0
DA:178,0
DA:183,0
DA:184,0
DA:191,0
DA:192,0
DA:193,0
DA:195,0
DA:199,0
DA:214,0
DA:221,0
DA:222,0
DA:223,0
DA:224,0
DA:226,0
LF:106
LH:0
BRDA:34,0,0,0
BRDA:42,1,0,0
BRDA:42,1,1,0
BRDA:58,2,0,0
BRDA:58,2,1,0
BRDA:58,3,0,0
BRDA:58,3,1,0
BRDA:65,4,0,0
BRDA:65,4,1,0
BRDA:74,5,0,0
BRDA:85,6,0,0
BRDA:85,6,1,0
BRDA:87,7,0,0
BRDA:87,7,1,0
BRDA:96,8,0,0
BRDA:107,9,0,0
BRDA:107,9,1,0
BRDA:109,10,0,0
BRDA:109,10,1,0
BRDA:118,11,0,0
BRDA:129,12,0,0
BRDA:129,12,1,0
BRDA:131,13,0,0
BRDA:131,13,1,0
BRDA:142,14,0,0
BRDA:153,15,0,0
BRDA:153,15,1,0
BRDA:159,16,0,0
BRDA:162,17,0,0
BRDA:162,17,1,0
BRDA:165,18,0,0
BRDA:168,19,0,0
BRDA:168,19,1,0
BRDA:177,20,0,0
BRDA:180,21,0,0
BRDA:180,21,1,0
BRDA:183,22,0,0
BRDA:186,23,0,0
BRDA:186,23,1,0
BRDA:191,24,0,0
BRDA:191,24,1,0
BRDA:223,25,0,0
BRF:42
BRH:0
end_of_record
TN:
SF:src\navigation\AppNavigator.tsx
FN:23,AppTabs
FN:26,(anonymous_2)
FN:40,(anonymous_3)
FN:43,(anonymous_4)
FN:44,(anonymous_5)
FN:46,(anonymous_6)
FN:50,(anonymous_7)
FN:71,(anonymous_8)
FN:81,(anonymous_9)
FN:90,(anonymous_10)
FN:97,AuthStack
FN:109,AppStack
FN:126,AppNavigator
FNF:13
FNH:0
FNDA:0,AppTabs
FNDA:0,(anonymous_2)
FNDA:0,(anonymous_3)
FNDA:0,(anonymous_4)
FNDA:0,(anonymous_5)
FNDA:0,(anonymous_6)
FNDA:0,(anonymous_7)
FNDA:0,(anonymous_8)
FNDA:0,(anonymous_9)
FNDA:0,(anonymous_10)
FNDA:0,AuthStack
FNDA:0,AppStack
FNDA:0,AppNavigator
DA:1,0
DA:2,0
DA:3,0
DA:4,0
DA:5,0
DA:8,0
DA:9,0
DA:10,0
DA:11,0
DA:12,0
DA:13,0
DA:14,0
DA:15,0
DA:16,0
DA:17,0
DA:18,0
DA:20,0
DA:21,0
DA:24,0
DA:26,0
DA:40,0
DA:43,0
DA:45,0
DA:46,0
DA:50,0
DA:71,0
DA:81,0
DA:90,0
DA:98,0
DA:110,0
DA:127,0
DA:129,0
DA:130,0
DA:139,0
DA:142,0
DA:155,0
LF:36
LH:0
BRDA:129,0,0,0
BRDA:139,1,0,0
BRDA:139,1,1,0
BRF:3
BRH:0
end_of_record
TN:
SF:src\screens\AddPubScreen.tsx
FN:32,(anonymous_10)
FN:48,(anonymous_11)
FN:50,(anonymous_12)
FN:55,(anonymous_13)
FN:57,(anonymous_14)
FN:59,(anonymous_15)
FN:70,(anonymous_16)
FN:76,(anonymous_17)
FN:96,(anonymous_18)
FN:97,(anonymous_19)
FN:100,(anonymous_20)
FN:123,(anonymous_21)
FN:134,(anonymous_22)
FN:135,(anonymous_23)
FN:170,(anonymous_24)
FN:190,(anonymous_25)
FN:195,(anonymous_26)
FNF:17
FNH:0
FNDA:0,(anonymous_10)
FNDA:0,(anonymous_11)
FNDA:0,(anonymous_12)
FNDA:0,(anonymous_13)
FNDA:0,(anonymous_14)
FNDA:0,(anonymous_15)
FNDA:0,(anonymous_16)
FNDA:0,(anonymous_17)
FNDA:0,(anonymous_18)
FNDA:0,(anonymous_19)
FNDA:0,(anonymous_20)
FNDA:0,(anonymous_21)
FNDA:0,(anonymous_22)
FNDA:0,(anonymous_23)
FNDA:0,(anonymous_24)
FNDA:0,(anonymous_25)
FNDA:0,(anonymous_26)
DA:1,0
DA:2,0
DA:14,0
DA:17,0
DA:18,0
DA:19,0
DA:20,0
DA:21,0
DA:32,0
DA:33,0
DA:34,0
DA:35,0
DA:37,0
DA:38,0
DA:39,0
DA:40,0
DA:41,0
DA:42,0
DA:43,0
DA:44,0
DA:45,0
DA:46,0
DA:48,0
DA:49,0
DA:50,0
DA:52,0
DA:53,0
DA:55,0
DA:56,0
DA:57,0
DA:58,0
DA:59,0
DA:62,0
DA:65,0
DA:66,0
DA:70,0
DA:71,0
DA:72,0
DA:76,0
DA:77,0
DA:78,0
DA:79,0
DA:82,0
DA:83,0
DA:85,0
DA:86,0
DA:87,0
DA:88,0
DA:91,0
DA:96,0
DA:97,0
DA:100,0
DA:101,0
DA:102,0
DA:103,0
DA:106,0
DA:107,0
DA:108,0
DA:111,0
DA:112,0
DA:113,0
DA:116,0
DA:118,0
DA:120,0
DA:121,0
DA:123,0
DA:124,0
DA:133,0
DA:134,0
DA:135,0
DA:138,0
DA:139,0
DA:140,0
DA:141,0
DA:145,0
DA:157,0
DA:159,0
DA:160,0
DA:162,0
DA:166,0
DA:170,0
DA:191,0
DA:195,0
DA:315,0
DA:454,0
LF:85
LH:0
BRDA:58,0,0,0
BRDA:65,1,0,0
BRDA:71,2,0,0
BRDA:71,3,0,0
BRDA:71,3,1,0
BRDA:77,4,0,0
BRDA:82,5,0,0
BRDA:82,5,1,0
BRDA:82,6,0,0
BRDA:82,6,1,0
BRDA:87,7,0,0
BRDA:101,8,0,0
BRDA:106,9,0,0
BRDA:111,10,0,0
BRDA:116,11,0,0
BRDA:138,12,0,0
BRDA:140,13,0,0
BRDA:152,14,0,0
BRDA:152,14,1,0
BRDA:160,15,0,0
BRDA:160,15,1,0
BRDA:177,16,0,0
BRDA:177,16,1,0
BRDA:203,17,0,0
BRDA:203,17,1,0
BRDA:269,18,0,0
BRDA:269,18,1,0
BRDA:270,19,0,0
BRDA:270,19,1,0
BRDA:271,20,0,0
BRDA:271,20,1,0
BRDA:272,21,0,0
BRDA:272,21,1,0
BRDA:273,22,0,0
BRDA:273,22,1,0
BRDA:285,23,0,0
BRDA:285,23,1,0
BRDA:286,24,0,0
BRDA:286,24,1,0
BRDA:287,25,0,0
BRDA:287,25,1,0
BRDA:288,26,0,0
BRDA:288,26,1,0
BRDA:289,27,0,0
BRDA:289,27,1,0
BRDA:300,28,0,0
BRDA:300,28,1,0
BRDA:302,29,0,0
BRDA:302,29,1,0
BRDA:303,30,0,0
BRDA:303,30,1,0
BRDA:304,31,0,0
BRDA:304,31,1,0
BRDA:305,32,0,0
BRDA:305,32,1,0
BRDA:306,33,0,0
BRDA:306,33,1,0
BRF:57
BRH:0
end_of_record
TN:
SF:src\screens\AuthScreen.tsx
FN:16,(anonymous_9)
FN:24,(anonymous_10)
FN:106,(anonymous_11)
FNF:3
FNH:0
FNDA:0,(anonymous_9)
FNDA:0,(anonymous_10)
FNDA:0,(anonymous_11)
DA:1,0
DA:2,0
DA:14,0
DA:16,0
DA:17,0
DA:18,0
DA:19,0
DA:20,0
DA:21,0
DA:22,0
DA:24,0
DA:25,0
DA:26,0
DA:27,0
DA:30,0
DA:31,0
DA:32,0
DA:35,0
DA:36,0
DA:37,0
DA:38,0
DA:40,0
DA:43,0
DA:45,0
DA:49,0
DA:106,0
DA:122,0
DA:185,0
LF:28
LH:0
BRDA:25,0,0,0
BRDA:25,1,0,0
BRDA:25,1,1,0
BRDA:30,2,0,0
BRDA:30,3,0,0
BRDA:30,3,1,0
BRDA:37,4,0,0
BRDA:37,4,1,0
BRDA:53,5,0,0
BRDA:53,5,1,0
BRDA:71,6,0,0
BRDA:71,6,1,0
BRDA:96,7,0,0
BRDA:96,7,1,0
BRDA:100,8,0,0
BRDA:100,8,1,0
BRDA:110,9,0,0
BRDA:110,9,1,0
BRF:18
BRH:0
end_of_record
TN:
SF:src\screens\DiscoverScreen.tsx
FN:25,(anonymous_9)
FN:34,(anonymous_10)
FN:38,(anonymous_11)
FN:58,(anonymous_12)
FN:64,(anonymous_13)
FN:77,(anonymous_14)
FN:86,(anonymous_15)
FN:93,(anonymous_16)
FN:119,(anonymous_17)
FN:154,(anonymous_18)
FNF:10
FNH:0
FNDA:0,(anonymous_9)
FNDA:0,(anonymous_10)
FNDA:0,(anonymous_11)
FNDA:0,(anonymous_12)
FNDA:0,(anonymous_13)
FNDA:0,(anonymous_14)
FNDA:0,(anonymous_15)
FNDA:0,(anonymous_16)
FNDA:0,(anonymous_17)
FNDA:0,(anonymous_18)
DA:1,0
DA:2,0
DA:13,0
DA:16,0
DA:17,0
DA:25,0
DA:26,0
DA:27,0
DA:29,0
DA:30,0
DA:31,0
DA:32,0
DA:34,0
DA:35,0
DA:38,0
DA:39,0
DA:40,0
DA:41,0
DA:42,0
DA:45,0
DA:46,0
DA:47,0
DA:49,0
DA:50,0
DA:52,0
DA:54,0
DA:58,0
DA:59,0
DA:60,0
DA:61,0
DA:64,0
DA:65,0
DA:67,0
DA:68,0
DA:70,0
DA:71,0
DA:73,0
DA:77,0
DA:82,0
DA:86,0
DA:87,0
DA:89,0
DA:93,0
DA:119,0
DA:134,0
DA:135,0
DA:144,0
DA:154,0
DA:165,0
LF:49
LH:0
BRDA:39,0,0,0
BRDA:65,1,0,0
BRDA:70,2,0,0
BRDA:70,2,1,0
BRDA:87,3,0,0
BRDA:87,3,1,0
BRDA:96,4,0,0
BRDA:96,4,1,0
BRDA:110,5,0,0
BRDA:110,5,1,0
BRDA:117,6,0,0
BRDA:117,6,1,0
BRDA:124,7,0,0
BRDA:124,7,1,0
BRDA:127,8,0,0
BRDA:127,8,1,0
BRDA:134,9,0,0
BRDA:146,10,0,0
BRDA:146,10,1,0
BRF:19
BRH:0
end_of_record
TN:
SF:src\screens\ExploreScreen.tsx
FN:24,(anonymous_9)
FN:35,(anonymous_10)
FN:39,(anonymous_11)
FN:52,(anonymous_12)
FN:58,(anonymous_13)
FN:61,(anonymous_14)
FN:107,(anonymous_15)
FNF:7
FNH:0
FNDA:0,(anonymous_9)
FNDA:0,(anonymous_10)
FNDA:0,(anonymous_11)
FNDA:0,(anonymous_12)
FNDA:0,(anonymous_13)
FNDA:0,(anonymous_14)
FNDA:0,(anonymous_15)
DA:1,0
DA:2,0
DA:14,0
DA:17,0
DA:18,0
DA:22,0
DA:24,0
DA:25,0
DA:26,0
DA:27,0
DA:29,0
DA:30,0
DA:31,0
DA:33,0
DA:35,0
DA:36,0
DA:39,0
DA:40,0
DA:41,0
DA:42,0
DA:43,0
DA:44,0
DA:46,0
DA:48,0
DA:52,0
DA:53,0
DA:54,0
DA:55,0
DA:58,0
DA:59,0
DA:61,0
DA:87,0
DA:88,0
DA:97,0
DA:107,0
DA:119,0
LF:36
LH:0
BRDA:40,0,0,0
BRDA:64,1,0,0
BRDA:64,1,1,0
BRDA:64,2,0,0
BRDA:64,2,1,0
BRDA:78,3,0,0
BRDA:78,3,1,0
BRDA:87,4,0,0
BRDA:99,5,0,0
BRDA:99,5,1,0
BRF:10
BRH:0
end_of_record
TN:
SF:src\screens\FeedScreen.tsx
FN:27,(anonymous_9)
FN:43,(anonymous_10)
FN:80,(anonymous_11)
FN:93,(anonymous_12)
FN:94,(anonymous_13)
FN:99,(anonymous_14)
FN:100,(anonymous_15)
FN:104,(anonymous_16)
FN:105,(anonymous_17)
FN:113,(anonymous_18)
FN:126,(anonymous_19)
FN:127,(anonymous_20)
FN:132,(anonymous_21)
FN:133,(anonymous_22)
FN:137,(anonymous_23)
FN:138,(anonymous_24)
FN:147,(anonymous_25)
FN:153,(anonymous_26)
FN:167,(anonymous_27)
FN:171,(anonymous_28)
FN:172,(anonymous_29)
FN:178,(anonymous_30)
FN:179,(anonymous_31)
FN:188,(anonymous_32)
FN:239,(anonymous_33)
FN:271,(anonymous_34)
FN:279,(anonymous_35)
FN:288,(anonymous_36)
FN:300,(anonymous_37)
FN:311,(anonymous_38)
FN:325,(anonymous_39)
FN:328,(anonymous_40)
FN:351,(anonymous_41)
FN:377,(anonymous_42)
FN:389,(anonymous_43)
FNF:35
FNH:0
FNDA:0,(anonymous_9)
FNDA:0,(anonymous_10)
FNDA:0,(anonymous_11)
FNDA:0,(anonymous_12)
FNDA:0,(anonymous_13)
FNDA:0,(anonymous_14)
FNDA:0,(anonymous_15)
FNDA:0,(anonymous_16)
FNDA:0,(anonymous_17)
FNDA:0,(anonymous_18)
FNDA:0,(anonymous_19)
FNDA:0,(anonymous_20)
FNDA:0,(anonymous_21)
FNDA:0,(anonymous_22)
FNDA:0,(anonymous_23)
FNDA:0,(anonymous_24)
FNDA:0,(anonymous_25)
FNDA:0,(anonymous_26)
FNDA:0,(anonymous_27)
FNDA:0,(anonymous_28)
FNDA:0,(anonymous_29)
FNDA:0,(anonymous_30)
FNDA:0,(anonymous_31)
FNDA:0,(anonymous_32)
FNDA:0,(anonymous_33)
FNDA:0,(anonymous_34)
FNDA:0,(anonymous_35)
FNDA:0,(anonymous_36)
FNDA:0,(anonymous_37)
FNDA:0,(anonymous_38)
FNDA:0,(anonymous_39)
FNDA:0,(anonymous_40)
FNDA:0,(anonymous_41)
FNDA:0,(anonymous_42)
FNDA:0,(anonymous_43)
DA:1,0
DA:2,0
DA:14,0
DA:17,0
DA:18,0
DA:27,0
DA:28,0
DA:29,0
DA:30,0
DA:31,0
DA:32,0
DA:33,0
DA:34,0
DA:35,0
DA:36,0
DA:37,0
DA:38,0
DA:40,0
DA:41,0
DA:43,0
DA:44,0
DA:46,0
DA:47,0
DA:48,0
DA:49,0
DA:52,0
DA:53,0
DA:54,0
DA:55,0
DA:57,0
DA:58,0
DA:59,0
DA:60,0
DA:61,0
DA:63,0
DA:64,0
DA:65,0
DA:66,0
DA:69,0
DA:70,0
DA:71,0
DA:72,0
DA:74,0
DA:76,0
DA:80,0
DA:81,0
DA:82,0
DA:83,0
DA:86,0
DA:87,0
DA:89,0
DA:91,0
DA:92,0
DA:93,0
DA:94,0
DA:97,0
DA:98,0
DA:99,0
DA:100,0
DA:102,0
DA:103,0
DA:104,0
DA:105,0
DA:109,0
DA:113,0
DA:114,0
DA:115,0
DA:116,0
DA:119,0
DA:120,0
DA:122,0
DA:124,0
DA:125,0
DA:126,0
DA:127,0
DA:130,0
DA:131,0
DA:132,0
DA:133,0
DA:135,0
DA:136,0
DA:137,0
DA:138,0
DA:142,0
DA:146,0
DA:148,0
DA:153,0
DA:154,0
DA:155,0
DA:158,0
DA:159,0
DA:162,0
DA:163,0
DA:167,0
DA:168,0
DA:169,0
DA:171,0
DA:172,0
DA:178,0
DA:179,0
DA:185,0
DA:188,0
DA:240,0
DA:272,0
DA:280,0
DA:289,0
DA:301,0
DA:302,0
DA:312,0
DA:313,0
DA:325,0
DA:326,0
DA:328,0
DA:344,0
DA:345,0
DA:351,0
DA:363,0
DA:377,0
DA:389,0
DA:401,0
DA:715,0
LF:121
LH:0
BRDA:41,0,0,0
BRDA:41,0,1,0
BRDA:44,1,0,0
BRDA:81,2,0,0
BRDA:81,3,0,0
BRDA:81,3,1,0
BRDA:87,4,0,0
BRDA:87,4,1,0
BRDA:89,5,0,0
BRDA:89,5,1,0
BRDA:94,6,0,0
BRDA:94,6,1,0
BRDA:100,7,0,0
BRDA:100,7,1,0
BRDA:102,8,0,0
BRDA:105,9,0,0
BRDA:105,9,1,0
BRDA:114,10,0,0
BRDA:114,11,0,0
BRDA:114,11,1,0
BRDA:120,12,0,0
BRDA:120,12,1,0
BRDA:122,13,0,0
BRDA:122,13,1,0
BRDA:127,14,0,0
BRDA:127,14,1,0
BRDA:133,15,0,0
BRDA:133,15,1,0
BRDA:135,16,0,0
BRDA:138,17,0,0
BRDA:138,17,1,0
BRDA:154,18,0,0
BRDA:155,19,0,0
BRDA:155,19,1,0
BRDA:158,20,0,0
BRDA:163,21,0,0
BRDA:163,21,1,0
BRDA:168,22,0,0
BRDA:168,22,1,0
BRDA:174,23,0,0
BRDA:174,23,1,0
BRDA:181,24,0,0
BRDA:181,24,1,0
BRDA:194,25,0,0
BRDA:194,25,1,0
BRDA:200,26,0,0
BRDA:200,26,1,0
BRDA:220,27,0,0
BRDA:220,27,1,0
BRDA:244,28,0,0
BRDA:244,28,1,0
BRDA:253,29,0,0
BRDA:253,29,1,0
BRDA:257,30,0,0
BRDA:257,30,1,0
BRDA:273,31,0,0
BRDA:273,31,1,0
BRDA:281,32,0,0
BRDA:281,32,1,0
BRDA:285,33,0,0
BRDA:285,33,1,0
BRDA:285,33,2,0
BRDA:290,34,0,0
BRDA:290,34,1,0
BRDA:301,35,0,0
BRDA:307,36,0,0
BRDA:307,36,1,0
BRDA:312,37,0,0
BRDA:318,38,0,0
BRDA:318,38,1,0
BRDA:336,39,0,0
BRDA:336,39,1,0
BRDA:344,40,0,0
BRDA:365,41,0,0
BRDA:365,41,1,0
BRDA:376,42,0,0
BRDA:376,42,1,0
BRDA:381,43,0,0
BRDA:381,43,1,0
BRF:79
BRH:0
end_of_record
TN:
SF:src\screens\FollowersListScreen.tsx
FN:20,(anonymous_9)
FN:28,(anonymous_10)
FN:32,(anonymous_11)
FN:45,(anonymous_12)
FN:48,(anonymous_13)
FN:86,(anonymous_14)
FN:101,(anonymous_15)
FNF:7
FNH:0
FNDA:0,(anonymous_9)
FNDA:0,(anonymous_10)
FNDA:0,(anonymous_11)
FNDA:0,(anonymous_12)
FNDA:0,(anonymous_13)
FNDA:0,(anonymous_14)
FNDA:0,(anonymous_15)
DA:1,0
DA:2,0
DA:12,0
DA:15,0
DA:20,0
DA:21,0
DA:22,0
DA:23,0
DA:25,0
DA:26,0
DA:28,0
DA:29,0
DA:32,0
DA:33,0
DA:34,0
DA:35,0
DA:36,0
DA:37,0
DA:39,0
DA:41,0
DA:45,0
DA:46,0
DA:48,0
DA:73,0
DA:74,0
DA:83,0
DA:86,0
DA:101,0
DA:109,0
LF:29
LH:0
BRDA:23,0,0,0
BRDA:23,0,1,0
BRDA:33,1,0,0
BRDA:52,2,0,0
BRDA:52,2,1,0
BRDA:66,3,0,0
BRDA:66,3,1,0
BRDA:73,4,0,0
BRDA:93,5,0,0
BRDA:93,5,1,0
BRF:10
BRH:0
end_of_record
TN:
SF:src\screens\FollowingListScreen.tsx
FN:20,(anonymous_9)
FN:28,(anonymous_10)
FN:32,(anonymous_11)
FN:45,(anonymous_12)
FN:48,(anonymous_13)
FN:86,(anonymous_14)
FN:101,(anonymous_15)
FNF:7
FNH:0
FNDA:0,(anonymous_9)
FNDA:0,(anonymous_10)
FNDA:0,(anonymous_11)
FNDA:0,(anonymous_12)
FNDA:0,(anonymous_13)
FNDA:0,(anonymous_14)
FNDA:0,(anonymous_15)
DA:1,0
DA:2,0
DA:12,0
DA:15,0
DA:20,0
DA:21,0
DA:22,0
DA:23,0
DA:25,0
DA:26,0
DA:28,0
DA:29,0
DA:32,0
DA:33,0
DA:34,0
DA:35,0
DA:36,0
DA:37,0
DA:39,0
DA:41,0
DA:45,0
DA:46,0
DA:48,0
DA:73,0
DA:74,0
DA:83,0
DA:86,0
DA:101,0
DA:109,0
LF:29
LH:0
BRDA:23,0,0,0
BRDA:23,0,1,0
BRDA:33,1,0,0
BRDA:52,2,0,0
BRDA:52,2,1,0
BRDA:66,3,0,0
BRDA:66,3,1,0
BRDA:73,4,0,0
BRDA:93,5,0,0
BRDA:93,5,1,0
BRF:10
BRH:0
end_of_record
TN:
SF:src\screens\ProfileScreen.tsx
FN:28,(anonymous_9)
FN:37,(anonymous_10)
FN:50,(anonymous_11)
FN:51,(anonymous_12)
FN:89,(anonymous_13)
FN:94,(anonymous_14)
FN:100,(anonymous_15)
FN:152,(anonymous_16)
FN:159,(anonymous_17)
FN:164,(anonymous_18)
FN:167,(anonymous_19)
FN:206,(anonymous_20)
FNF:12
FNH:0
FNDA:0,(anonymous_9)
FNDA:0,(anonymous_10)
FNDA:0,(anonymous_11)
FNDA:0,(anonymous_12)
FNDA:0,(anonymous_13)
FNDA:0,(anonymous_14)
FNDA:0,(anonymous_15)
FNDA:0,(anonymous_16)
FNDA:0,(anonymous_17)
FNDA:0,(anonymous_18)
FNDA:0,(anonymous_19)
FNDA:0,(anonymous_20)
DA:1,0
DA:2,0
DA:11,0
DA:13,0
DA:14,0
DA:15,0
DA:16,0
DA:17,0
DA:18,0
DA:19,0
DA:21,0
DA:28,0
DA:29,0
DA:30,0
DA:31,0
DA:32,0
DA:33,0
DA:34,0
DA:35,0
DA:37,0
DA:38,0
DA:39,0
DA:40,0
DA:41,0
DA:42,0
DA:43,0
DA:45,0
DA:50,0
DA:51,0
DA:52,0
DA:53,0
DA:54,0
DA:57,0
DA:58,0
DA:59,0
DA:60,0
DA:61,0
DA:63,0
DA:66,0
DA:67,0
DA:68,0
DA:69,0
DA:70,0
DA:71,0
DA:72,0
DA:73,0
DA:75,0
DA:77,0
DA:80,0
DA:84,0
DA:88,0
DA:90,0
DA:94,0
DA:95,0
DA:96,0
DA:100,0
DA:101,0
DA:102,0
DA:106,0
DA:107,0
DA:117,0
DA:128,0
DA:152,0
DA:160,0
DA:170,0
DA:206,0
DA:218,0
LF:67
LH:0
BRDA:38,0,0,0
BRDA:52,1,0,0
BRDA:68,2,0,0
BRDA:68,2,1,0
BRDA:68,2,2,0
BRDA:70,3,0,0
BRDA:70,3,1,0
BRDA:95,4,0,0
BRDA:101,5,0,0
BRDA:106,6,0,0
BRDA:106,7,0,0
BRDA:106,7,1,0
BRDA:117,8,0,0
BRDA:117,8,1,0
BRDA:118,9,0,0
BRDA:118,9,1,0
BRDA:119,10,0,0
BRDA:119,10,1,0
BRDA:120,11,0,0
BRDA:120,11,1,0
BRDA:120,11,2,0
BRDA:132,12,0,0
BRDA:132,12,1,0
BRDA:143,13,0,0
BRDA:143,13,1,0
BRDA:185,14,0,0
BRDA:185,14,1,0
BRF:27
BRH:0
end_of_record
TN:
SF:src\screens\PubDetailScreen.tsx
FN:30,(anonymous_9)
FN:46,(anonymous_10)
FN:51,(anonymous_11)
FN:71,(anonymous_12)
FN:95,(anonymous_13)
FN:119,(anonymous_14)
FN:125,(anonymous_15)
FN:131,(anonymous_16)
FN:137,(anonymous_17)
FN:146,(anonymous_18)
FN:158,(anonymous_19)
FN:186,(anonymous_20)
FN:209,(anonymous_21)
FN:212,(anonymous_22)
FN:225,(anonymous_23)
FN:230,(anonymous_24)
FN:238,(anonymous_25)
FN:248,(anonymous_26)
FN:261,(anonymous_27)
FN:272,(anonymous_28)
FN:294,(anonymous_29)
FN:350,(anonymous_30)
FN:353,(anonymous_31)
FN:392,(anonymous_32)
FN:403,(anonymous_33)
FN:415,(anonymous_34)
FNF:26
FNH:0
FNDA:0,(anonymous_9)
FNDA:0,(anonymous_10)
FNDA:0,(anonymous_11)
FNDA:0,(anonymous_12)
FNDA:0,(anonymous_13)
FNDA:0,(anonymous_14)
FNDA:0,(anonymous_15)
FNDA:0,(anonymous_16)
FNDA:0,(anonymous_17)
FNDA:0,(anonymous_18)
FNDA:0,(anonymous_19)
FNDA:0,(anonymous_20)
FNDA:0,(anonymous_21)
FNDA:0,(anonymous_22)
FNDA:0,(anonymous_23)
FNDA:0,(anonymous_24)
FNDA:0,(anonymous_25)
FNDA:0,(anonymous_26)
FNDA:0,(anonymous_27)
FNDA:0,(anonymous_28)
FNDA:0,(anonymous_29)
FNDA:0,(anonymous_30)
FNDA:0,(anonymous_31)
FNDA:0,(anonymous_32)
FNDA:0,(anonymous_33)
FNDA:0,(anonymous_34)
DA:1,0
DA:2,0
DA:14,0
DA:17,0
DA:18,0
DA:19,0
DA:20,0
DA:28,0
DA:30,0
DA:31,0
DA:32,0
DA:33,0
DA:34,0
DA:36,0
DA:37,0
DA:38,0
DA:39,0
DA:40,0
DA:41,0
DA:42,0
DA:43,0
DA:45,0
DA:47,0
DA:51,0
DA:52,0
DA:53,0
DA:54,0
DA:56,0
DA:57,0
DA:59,0
DA:60,0
DA:61,0
DA:63,0
DA:64,0
DA:67,0
DA:71,0
DA:72,0
DA:74,0
DA:75,0
DA:76,0
DA:77,0
DA:78,0
DA:81,0
DA:82,0
DA:83,0
DA:84,0
DA:86,0
DA:87,0
DA:88,0
DA:91,0
DA:95,0
DA:96,0
DA:98,0
DA:99,0
DA:100,0
DA:101,0
DA:102,0
DA:105,0
DA:106,0
DA:107,0
DA:108,0
DA:110,0
DA:111,0
DA:112,0
DA:115,0
DA:119,0
DA:120,0
DA:121,0
DA:125,0
DA:126,0
DA:127,0
DA:131,0
DA:132,0
DA:133,0
DA:134,0
DA:137,0
DA:138,0
DA:139,0
DA:140,0
DA:142,0
DA:143,0
DA:146,0
DA:147,0
DA:148,0
DA:149,0
DA:150,0
DA:151,0
DA:152,0
DA:154,0
DA:158,0
DA:159,0
DA:160,0
DA:161,0
DA:162,0
DA:163,0
DA:164,0
DA:166,0
DA:170,0
DA:171,0
DA:174,0
DA:175,0
DA:178,0
DA:180,0
DA:181,0
DA:182,0
DA:186,0
DA:187,0
DA:194,0
DA:195,0
DA:205,0
DA:209,0
DA:213,0
DA:214,0
DA:225,0
DA:231,0
DA:232,0
DA:238,0
DA:248,0
DA:261,0
DA:272,0
DA:294,0
DA:351,0
DA:353,0
DA:393,0
DA:404,0
DA:416,0
DA:460,0
DA:742,0
LF:128
LH:0
BRDA:59,0,0,0
BRDA:72,1,0,0
BRDA:75,2,0,0
BRDA:75,2,1,0
BRDA:81,3,0,0
BRDA:96,4,0,0
BRDA:99,5,0,0
BRDA:99,5,1,0
BRDA:105,6,0,0
BRDA:120,7,0,0
BRDA:126,8,0,0
BRDA:194,9,0,0
BRDA:291,10,0,0
BRDA:291,10,1,0
BRDA:297,11,0,0
BRDA:297,11,1,0
BRDA:324,12,0,0
BRDA:324,12,1,0
BRDA:326,13,0,0
BRDA:326,13,1,0
BRDA:335,14,0,0
BRDA:335,14,1,0
BRDA:348,15,0,0
BRDA:348,15,1,0
BRDA:358,16,0,0
BRDA:358,16,1,0
BRDA:375,17,0,0
BRDA:375,17,1,0
BRDA:394,18,0,0
BRDA:394,18,1,0
BRDA:405,19,0,0
BRDA:405,19,1,0
BRDA:411,20,0,0
BRDA:411,20,1,0
BRDA:411,20,2,0
BRDA:417,21,0,0
BRDA:417,21,1,0
BRF:37
BRH:0
end_of_record
TN:
SF:src\screens\SearchScreen.tsx
FN:22,(anonymous_9)
FN:32,(anonymous_10)
FN:39,(anonymous_11)
FN:43,(anonymous_12)
FN:47,(anonymous_13)
FN:48,(anonymous_14)
FN:57,(anonymous_15)
FN:63,(anonymous_16)
FN:72,(anonymous_17)
FN:85,(anonymous_18)
FN:88,(anonymous_19)
FN:142,(anonymous_20)
FN:155,(anonymous_21)
FNF:13
FNH:0
FNDA:0,(anonymous_9)
FNDA:0,(anonymous_10)
FNDA:0,(anonymous_11)
FNDA:0,(anonymous_12)
FNDA:0,(anonymous_13)
FNDA:0,(anonymous_14)
FNDA:0,(anonymous_15)
FNDA:0,(anonymous_16)
FNDA:0,(anonymous_17)
FNDA:0,(anonymous_18)
FNDA:0,(anonymous_19)
FNDA:0,(anonymous_20)
FNDA:0,(anonymous_21)
DA:1,0
DA:2,0
DA:14,0
DA:17,0
DA:18,0
DA:22,0
DA:23,0
DA:24,0
DA:25,0
DA:27,0
DA:28,0
DA:29,0
DA:30,0
DA:32,0
DA:33,0
DA:34,0
DA:35,0
DA:36,0
DA:39,0
DA:40,0
DA:43,0
DA:47,0
DA:48,0
DA:49,0
DA:50,0
DA:54,0
DA:57,0
DA:58,0
DA:59,0
DA:60,0
DA:61,0
DA:63,0
DA:66,0
DA:67,0
DA:68,0
DA:72,0
DA:76,0
DA:78,0
DA:79,0
DA:81,0
DA:85,0
DA:86,0
DA:88,0
DA:116,0
DA:129,0
DA:142,0
DA:155,0
DA:163,0
LF:48
LH:0
BRDA:33,0,0,0
BRDA:49,1,0,0
BRDA:92,2,0,0
BRDA:92,2,1,0
BRDA:107,3,0,0
BRDA:107,3,1,0
BRDA:109,4,0,0
BRDA:109,4,1,0
BRDA:116,5,0,0
BRDA:116,5,1,0
BRDA:119,6,0,0
BRDA:119,6,1,0
BRDA:141,7,0,0
BRDA:141,7,1,0
BRDA:149,8,0,0
BRDA:149,8,1,0
BRF:16
BRH:0
end_of_record
TN:
SF:src\screens\UserProfileScreen.tsx
FN:28,(anonymous_9)
FN:42,(anonymous_10)
FN:50,(anonymous_11)
FN:62,(anonymous_12)
FN:68,(anonymous_13)
FN:74,(anonymous_14)
FN:104,(anonymous_15)
FN:131,(anonymous_16)
FN:164,(anonymous_17)
FN:172,(anonymous_18)
FN:189,(anonymous_19)
FN:193,(anonymous_20)
FN:220,(anonymous_21)
FN:224,(anonymous_22)
FNF:14
FNH:0
FNDA:0,(anonymous_9)
FNDA:0,(anonymous_10)
FNDA:0,(anonymous_11)
FNDA:0,(anonymous_12)
FNDA:0,(anonymous_13)
FNDA:0,(anonymous_14)
FNDA:0,(anonymous_15)
FNDA:0,(anonymous_16)
FNDA:0,(anonymous_17)
FNDA:0,(anonymous_18)
FNDA:0,(anonymous_19)
FNDA:0,(anonymous_20)
FNDA:0,(anonymous_21)
FNDA:0,(anonymous_22)
DA:1,0
DA:2,0
DA:15,0
DA:18,0
DA:19,0
DA:20,0
DA:21,0
DA:28,0
DA:29,0
DA:30,0
DA:31,0
DA:32,0
DA:34,0
DA:35,0
DA:36,0
DA:37,0
DA:38,0
DA:39,0
DA:40,0
DA:42,0
DA:43,0
DA:44,0
DA:45,0
DA:46,0
DA:50,0
DA:51,0
DA:52,0
DA:53,0
DA:54,0
DA:55,0
DA:56,0
DA:58,0
DA:62,0
DA:63,0
DA:64,0
DA:68,0
DA:69,0
DA:70,0
DA:74,0
DA:75,0
DA:76,0
DA:77,0
DA:78,0
DA:79,0
DA:81,0
DA:83,0
DA:87,0
DA:88,0
DA:97,0
DA:98,0
DA:104,0
DA:113,0
DA:132,0
DA:133,0
DA:134,0
DA:136,0
DA:138,0
DA:140,0
DA:142,0
DA:164,0
DA:172,0
DA:190,0
DA:193,0
DA:221,0
DA:224,0
DA:255,0
LF:66
LH:0
BRDA:31,0,0,0
BRDA:31,0,1,0
BRDA:43,1,0,0
BRDA:51,2,0,0
BRDA:63,3,0,0
BRDA:69,4,0,0
BRDA:75,5,0,0
BRDA:87,6,0,0
BRDA:97,7,0,0
BRDA:129,8,0,0
BRDA:129,8,1,0
BRDA:147,9,0,0
BRDA:147,9,1,0
BRDA:148,10,0,0
BRDA:148,10,1,0
BRDA:150,11,0,0
BRDA:150,11,1,0
BRDA:151,12,0,0
BRDA:151,12,1,0
BRDA:163,13,0,0
BRDA:163,13,1,0
BRDA:166,14,0,0
BRDA:166,14,1,0
BRDA:171,15,0,0
BRDA:171,15,1,0
BRDA:174,16,0,0
BRDA:174,16,1,0
BRDA:181,17,0,0
BRDA:181,17,1,0
BRDA:183,18,0,0
BRDA:183,18,1,0
BRDA:185,19,0,0
BRDA:185,19,1,0
BRDA:199,20,0,0
BRDA:199,20,1,0
BRDA:212,21,0,0
BRDA:212,21,1,0
BRDA:214,22,0,0
BRDA:214,22,1,0
BRDA:216,23,0,0
BRDA:216,23,1,0
BRDA:235,24,0,0
BRDA:235,24,1,0
BRF:43
BRH:0
end_of_record
TN:
SF:src\services\firebase.ts
FNF:0
FNH:0
DA:1,0
DA:2,0
DA:3,0
DA:4,0
DA:8,0
DA:18,0
DA:21,0
DA:23,0
DA:24,0
DA:26,0
LF:10
LH:0
BRDA:9,0,0,0
BRDA:9,0,1,0
BRDA:10,1,0,0
BRDA:10,1,1,0
BRDA:11,2,0,0
BRDA:11,2,1,0
BRDA:12,3,0,0
BRDA:12,3,1,0
BRDA:13,4,0,0
BRDA:13,4,1,0
BRDA:14,5,0,0
BRDA:14,5,1,0
BRF:12
BRH:0
end_of_record
TN:
SF:src\services\firestore.ts
FN:19,(anonymous_0)
FN:62,(anonymous_1)
FN:93,(anonymous_2)
FN:124,(anonymous_3)
FN:135,(anonymous_4)
FN:144,(anonymous_5)
FN:205,(anonymous_6)
FN:219,(anonymous_7)
FN:230,(anonymous_8)
FN:242,(anonymous_9)
FN:254,(anonymous_10)
FN:268,(anonymous_11)
FN:279,(anonymous_12)
FN:291,(anonymous_13)
FNF:14
FNH:8
FNDA:0,(anonymous_0)
FNDA:0,(anonymous_1)
FNDA:0,(anonymous_2)
FNDA:0,(anonymous_3)
FNDA:0,(anonymous_4)
FNDA:0,(anonymous_5)
FNDA:5,(anonymous_6)
FNDA:4,(anonymous_7)
FNDA:4,(anonymous_8)
FNDA:4,(anonymous_9)
FNDA:3,(anonymous_10)
FNDA:4,(anonymous_11)
FNDA:3,(anonymous_12)
FNDA:4,(anonymous_13)
DA:1,1
DA:14,1
DA:16,1
DA:19,1
DA:33,0
DA:35,0
DA:36,0
DA:38,0
DA:53,0
DA:55,0
DA:56,0
DA:62,1
DA:63,0
DA:64,0
DA:70,0
DA:71,0
DA:74,0
DA:75,0
DA:76,0
DA:79,0
DA:80,0
DA:81,0
DA:82,0
DA:83,0
DA:84,0
DA:86,0
DA:90,0
DA:93,0
DA:94,0
DA:95,0
DA:116,0
DA:118,0
DA:119,0
DA:124,1
DA:125,0
DA:126,0
DA:128,0
DA:129,0
DA:135,1
DA:136,0
DA:138,0
DA:143,0
DA:144,0
DA:147,0
DA:152,0
DA:153,0
DA:155,0
DA:156,0
DA:158,0
DA:159,0
DA:160,0
DA:163,0
DA:164,0
DA:165,0
DA:167,0
DA:168,0
DA:187,0
DA:190,0
DA:192,0
DA:197,0
DA:199,0
DA:200,0
DA:205,1
DA:206,5
DA:207,5
DA:208,5
DA:213,1
DA:214,1
DA:219,1
DA:220,4
DA:221,4
DA:222,4
DA:224,1
DA:225,1
DA:230,1
DA:231,4
DA:232,4
DA:233,4
DA:234,3
DA:236,1
DA:237,1
DA:242,1
DA:243,4
DA:244,4
DA:245,4
DA:246,3
DA:248,1
DA:249,1
DA:254,1
DA:255,3
DA:256,3
DA:257,3
DA:262,1
DA:263,1
DA:268,1
DA:269,4
DA:270,4
DA:271,4
DA:273,1
DA:274,1
DA:279,1
DA:280,3
DA:281,3
DA:282,3
DA:283,2
DA:285,1
DA:286,1
DA:291,1
DA:292,4
DA:293,4
DA:294,4
DA:295,3
DA:297,1
DA:298,1
LF:114
LH:59
BRDA:42,0,0,0
BRDA:42,0,1,0
BRDA:45,1,0,0
BRDA:45,1,1,0
BRDA:46,2,0,0
BRDA:46,2,1,0
BRDA:79,3,0,0
BRDA:82,4,0,0
BRDA:82,4,1,0
BRDA:103,5,0,0
BRDA:103,5,1,0
BRDA:104,6,0,0
BRDA:104,6,1,0
BRDA:109,7,0,0
BRDA:109,7,1,0
BRDA:135,8,0,0
BRDA:156,9,0,0
BRDA:163,10,0,0
BRDA:163,11,0,0
BRDA:163,11,1,0
BRDA:167,12,0,0
BRDA:171,13,0,0
BRDA:171,13,1,0
BRDA:172,14,0,0
BRDA:172,14,1,0
BRDA:173,15,0,0
BRDA:173,15,1,0
BRDA:174,16,0,0
BRDA:174,16,1,0
BRDA:175,17,0,0
BRDA:175,17,1,0
BRDA:176,18,0,0
BRDA:176,18,1,0
BRDA:177,19,0,0
BRDA:177,19,1,0
BRDA:178,20,0,0
BRDA:178,20,1,0
BRDA:179,21,0,0
BRDA:179,21,1,0
BRDA:180,22,0,0
BRDA:180,22,1,0
BRDA:181,23,0,0
BRDA:181,23,1,0
BRF:43
BRH:0
end_of_record
TN:
SF:src\services\storage.ts
FN:10,(anonymous_0)
FN:20,(anonymous_1)
FN:21,(anonymous_2)
FNF:3
FNH:0
FNDA:0,(anonymous_0)
FNDA:0,(anonymous_1)
FNDA:0,(anonymous_2)
DA:1,0
DA:2,0
DA:10,0
DA:17,0
DA:19,0
DA:20,0
DA:21,0
DA:25,0
DA:29,0
DA:35,0
DA:41,0
DA:46,0
DA:48,0
DA:49,0
LF:14
LH:0
BRF:0
BRH:0
end_of_record
TN:
SF:src\services\userProfiles.ts
FN:21,(anonymous_0)
FN:44,(anonymous_1)
FN:63,(anonymous_2)
FN:70,(anonymous_3)
FN:90,(anonymous_4)
FN:125,(anonymous_5)
FN:143,(anonymous_6)
FN:152,(anonymous_7)
FN:156,(anonymous_8)
FN:169,(anonymous_9)
FN:183,(anonymous_10)
FN:191,(anonymous_11)
FN:200,(anonymous_12)
FN:219,(anonymous_13)
FN:242,(anonymous_14)
FN:261,(anonymous_15)
FN:279,(anonymous_16)
FN:297,(anonymous_17)
FN:305,(anonymous_18)
FN:326,(anonymous_19)
FN:334,(anonymous_20)
FN:355,(anonymous_21)
FN:366,(anonymous_22)
FN:367,(anonymous_23)
FN:376,(anonymous_24)
FN:381,(anonymous_25)
FN:389,(anonymous_26)
FN:392,(anonymous_27)
FNF:28
FNH:0
FNDA:0,(anonymous_0)
FNDA:0,(anonymous_1)
FNDA:0,(anonymous_2)
FNDA:0,(anonymous_3)
FNDA:0,(anonymous_4)
FNDA:0,(anonymous_5)
FNDA:0,(anonymous_6)
FNDA:0,(anonymous_7)
FNDA:0,(anonymous_8)
FNDA:0,(anonymous_9)
FNDA:0,(anonymous_10)
FNDA:0,(anonymous_11)
FNDA:0,(anonymous_12)
FNDA:0,(anonymous_13)
FNDA:0,(anonymous_14)
FNDA:0,(anonymous_15)
FNDA:0,(anonymous_16)
FNDA:0,(anonymous_17)
FNDA:0,(anonymous_18)
FNDA:0,(anonymous_19)
FNDA:0,(anonymous_20)
FNDA:0,(anonymous_21)
FNDA:0,(anonymous_22)
FNDA:0,(anonymous_23)
FNDA:0,(anonymous_24)
FNDA:0,(anonymous_25)
FNDA:0,(anonymous_26)
FNDA:0,(anonymous_27)
DA:1,1
DA:14,1
DA:15,1
DA:21,1
DA:22,0
DA:24,0
DA:37,0
DA:38,0
DA:44,1
DA:45,0
DA:46,0
DA:47,0
DA:49,0
DA:50,0
DA:53,0
DA:55,0
DA:56,0
DA:63,1
DA:64,0
DA:70,1
DA:74,0
DA:75,0
DA:77,0
DA:82,0
DA:83,0
DA:90,1
DA:91,0
DA:93,0
DA:94,0
DA:96,0
DA:98,0
DA:110,0
DA:115,0
DA:117,0
DA:118,0
DA:125,1
DA:126,0
DA:127,0
DA:128,0
DA:131,0
DA:135,0
DA:136,0
DA:143,1
DA:144,0
DA:146,0
DA:151,0
DA:152,0
DA:155,0
DA:157,0
DA:161,0
DA:162,0
DA:169,1
DA:170,0
DA:171,0
DA:172,0
DA:173,0
DA:175,0
DA:176,0
DA:183,1
DA:184,0
DA:185,0
DA:190,0
DA:191,0
DA:193,0
DA:194,0
DA:200,1
DA:201,0
DA:203,0
DA:205,0
DA:211,0
DA:212,0
DA:219,1
DA:220,0
DA:222,0
DA:228,0
DA:230,0
DA:231,0
DA:234,0
DA:235,0
DA:242,1
DA:243,0
DA:244,0
DA:250,0
DA:251,0
DA:253,0
DA:254,0
DA:261,1
DA:262,0
DA:263,0
DA:268,0
DA:269,0
DA:271,0
DA:272,0
DA:279,1
DA:280,0
DA:281,0
DA:286,0
DA:287,0
DA:289,0
DA:290,0
DA:297,1
DA:298,0
DA:299,0
DA:304,0
DA:305,0
DA:308,0
DA:309,0
DA:310,0
DA:311,0
DA:312,0
DA:316,0
DA:318,0
DA:319,0
DA:326,1
DA:327,0
DA:328,0
DA:333,0
DA:334,0
DA:337,0
DA:338,0
DA:339,0
DA:340,0
DA:341,0
DA:345,0
DA:347,0
DA:348,0
DA:355,1
DA:356,0
DA:357,0
DA:360,0
DA:365,0
DA:366,0
DA:367,0
DA:370,0
DA:375,0
DA:376,0
DA:377,0
DA:380,0
DA:382,0
DA:383,0
DA:384,0
DA:385,0
DA:389,0
DA:392,0
DA:394,0
DA:395,0
LF:146
LH:20
BRDA:49,0,0,0
BRDA:96,1,0,0
BRDA:96,1,1,0
BRDA:143,2,0,0
BRDA:183,3,0,0
BRDA:311,4,0,0
BRDA:340,5,0,0
BRDA:355,6,0,0
BRDA:385,7,0,0
BRDA:385,7,1,0
BRF:10
BRH:0
end_of_record
TN:
SF:src\utils\imageHelpers.ts
FN:11,(anonymous_9)
FN:17,(anonymous_10)
FN:23,(anonymous_11)
FN:47,(anonymous_12)
FN:71,(anonymous_13)
FN:85,(anonymous_14)
FNF:6
FNH:0
FNDA:0,(anonymous_9)
FNDA:0,(anonymous_10)
FNDA:0,(anonymous_11)
FNDA:0,(anonymous_12)
FNDA:0,(anonymous_13)
FNDA:0,(anonymous_14)
DA:1,0
DA:2,0
DA:11,0
DA:12,0
DA:13,0
DA:17,0
DA:18,0
DA:19,0
DA:23,0
DA:24,0
DA:25,0
DA:26,0
DA:29,0
DA:35,0
DA:36,0
DA:43,0
DA:47,0
DA:48,0
DA:49,0
DA:50,0
DA:53,0
DA:59,0
DA:60,0
DA:67,0
DA:71,0
DA:75,0
DA:81,0
DA:85,0
DA:86,0
DA:92,0
LF:30
LH:0
BRDA:25,0,0,0
BRDA:35,1,0,0
BRDA:35,2,0,0
BRDA:35,2,1,0
BRDA:49,3,0,0
BRDA:59,4,0,0
BRDA:59,5,0,0
BRDA:59,5,1,0
BRDA:73,6,0,0
BRF:9
BRH:0
end_of_record
